{
  "stats": {
    "suites": 2,
    "tests": 7,
    "passes": 0,
    "pending": 0,
    "failures": 7,
    "start": "2024-07-11T19:40:04.524Z",
    "end": "2024-07-11T19:40:06.417Z",
    "duration": 1893,
    "testsRegistered": 7,
    "passPercent": 0,
    "pendingPercent": 0,
    "other": 0,
    "hasOther": false,
    "skipped": 0,
    "hasSkipped": false
  },
  "results": [
    {
      "uuid": "e3981732-5de7-4a9a-ad3d-dafb63ff813d",
      "title": "",
      "fullFile": "cypress\\integration\\cmp\\test-component.ts",
      "file": "cypress\\integration\\cmp\\test-component.ts",
      "beforeHooks": [],
      "afterHooks": [],
      "tests": [],
      "suites": [
        {
          "uuid": "25d80aa9-1fc0-4380-9bac-283d4325c792",
          "title": "Toyota - DEV - Firefox - test",
          "fullFile": "",
          "file": "",
          "beforeHooks": [],
          "afterHooks": [],
          "tests": [],
          "suites": [
            {
              "uuid": "c38b2fb8-7f71-4e0c-8020-80f164944259",
              "title": "already taken snapshot",
              "fullFile": "",
              "file": "",
              "beforeHooks": [],
              "afterHooks": [],
              "tests": [
                {
                  "title": "should match on xs with 2 25 75 column layout",
                  "fullTitle": "Toyota - DEV - Firefox - test already taken snapshot should match on xs with 2 25 75 column layout",
                  "timedOut": null,
                  "duration": 322,
                  "state": "failed",
                  "speed": null,
                  "pass": false,
                  "fail": true,
                  "pending": false,
                  "context": "{\n  \"title\": \"cypress-mochawesome-reporter-videos-failed\",\n  \"value\": \"cypress\\\\integration\\\\cmp\\\\test-component.ts\"\n}",
                  "code": "cy.takeSnapshot({\n    viewport: viewport,\n    element: `#column-${columnLayout}`,\n});",
                  "err": {
                    "message": "TypeError: cy.getElement(...).matchImageSnapshot is not a function",
                    "estack": "TypeError: cy.getElement(...).matchImageSnapshot is not a function\nat ./cypress/support/commands/takeSnapshot.ts/ (webpack://cypress-example-e2e-snapshots/./cypress/support/commands/takeSnapshot.ts:16:0)\nat getRet (https://basic-site-theta.vercel.app/__cypress/runner/cypress_runner.js:118826:20)\nat tryCatcher (https://basic-site-theta.vercel.app/__cypress/runner/cypress_runner.js:1807:23)\nat __webpack_modules__</module.exports/Promise.try (https://basic-site-theta.vercel.app/__cypress/runner/cypress_runner.js:4315:29)\nat thenFn (https://basic-site-theta.vercel.app/__cypress/runner/cypress_runner.js:118837:60)\nat then (https://basic-site-theta.vercel.app/__cypress/runner/cypress_runner.js:119088:21)\nat wrapped (https://basic-site-theta.vercel.app/__cypress/runner/cypress_runner.js:137994:19)\nat __webpack_modules__</runCommand (https://basic-site-theta.vercel.app/__cypress/runner/cypress_runner.js:143915:15)\nat tryCatcher (https://basic-site-theta.vercel.app/__cypress/runner/cypress_runner.js:1807:23)\nat __webpack_modules__</module.exports/Promise.prototype._settlePromiseFromHandler (https://basic-site-theta.vercel.app/__cypress/runner/cypress_runner.js:1519:31)\nat __webpack_modules__</module.exports/Promise.prototype._settlePromise (https://basic-site-theta.vercel.app/__cypress/runner/cypress_runner.js:1576:18)\nat __webpack_modules__</module.exports/Promise.prototype._settlePromiseCtx (https://basic-site-theta.vercel.app/__cypress/runner/cypress_runner.js:1613:10)\nat _drainQueueStep (https://basic-site-theta.vercel.app/__cypress/runner/cypress_runner.js:2411:12)\nat _drainQueue (https://basic-site-theta.vercel.app/__cypress/runner/cypress_runner.js:2400:24)\nat __webpack_modules__</Async.prototype._drainQueues (https://basic-site-theta.vercel.app/__cypress/runner/cypress_runner.js:2416:16)\nat __webpack_modules__</Async/this.drainQueues (https://basic-site-theta.vercel.app/__cypress/runner/cypress_runner.js:2286:14)",
                    "diff": null
                  },
                  "uuid": "25187925-7a52-44b4-bef3-01de45a70385",
                  "parentUUID": "c38b2fb8-7f71-4e0c-8020-80f164944259",
                  "isHook": false,
                  "skipped": false
                },
                {
                  "title": "should match on sm with 2 25 75 column layout",
                  "fullTitle": "Toyota - DEV - Firefox - test already taken snapshot should match on sm with 2 25 75 column layout",
                  "timedOut": null,
                  "duration": 25,
                  "state": "failed",
                  "speed": null,
                  "pass": false,
                  "fail": true,
                  "pending": false,
                  "context": "{\n  \"title\": \"cypress-mochawesome-reporter-videos-failed\",\n  \"value\": \"cypress\\\\integration\\\\cmp\\\\test-component.ts\"\n}",
                  "code": "cy.takeSnapshot({\n    viewport: viewport,\n    element: `#column-${columnLayout}`,\n});",
                  "err": {
                    "message": "TypeError: cy.getElement(...).matchImageSnapshot is not a function",
                    "estack": "TypeError: cy.getElement(...).matchImageSnapshot is not a function\nat ./cypress/support/commands/takeSnapshot.ts/ (webpack://cypress-example-e2e-snapshots/./cypress/support/commands/takeSnapshot.ts:16:0)\nat getRet (https://basic-site-theta.vercel.app/__cypress/runner/cypress_runner.js:118826:20)\nat tryCatcher (https://basic-site-theta.vercel.app/__cypress/runner/cypress_runner.js:1807:23)\nat __webpack_modules__</module.exports/Promise.try (https://basic-site-theta.vercel.app/__cypress/runner/cypress_runner.js:4315:29)\nat thenFn (https://basic-site-theta.vercel.app/__cypress/runner/cypress_runner.js:118837:60)\nat then (https://basic-site-theta.vercel.app/__cypress/runner/cypress_runner.js:119088:21)\nat wrapped (https://basic-site-theta.vercel.app/__cypress/runner/cypress_runner.js:137994:19)\nat __webpack_modules__</runCommand (https://basic-site-theta.vercel.app/__cypress/runner/cypress_runner.js:143915:15)\nat tryCatcher (https://basic-site-theta.vercel.app/__cypress/runner/cypress_runner.js:1807:23)\nat __webpack_modules__</module.exports/Promise.prototype._settlePromiseFromHandler (https://basic-site-theta.vercel.app/__cypress/runner/cypress_runner.js:1519:31)\nat __webpack_modules__</module.exports/Promise.prototype._settlePromise (https://basic-site-theta.vercel.app/__cypress/runner/cypress_runner.js:1576:18)\nat __webpack_modules__</module.exports/Promise.prototype._settlePromiseCtx (https://basic-site-theta.vercel.app/__cypress/runner/cypress_runner.js:1613:10)\nat _drainQueueStep (https://basic-site-theta.vercel.app/__cypress/runner/cypress_runner.js:2411:12)\nat _drainQueue (https://basic-site-theta.vercel.app/__cypress/runner/cypress_runner.js:2400:24)\nat __webpack_modules__</Async.prototype._drainQueues (https://basic-site-theta.vercel.app/__cypress/runner/cypress_runner.js:2416:16)\nat __webpack_modules__</Async/this.drainQueues (https://basic-site-theta.vercel.app/__cypress/runner/cypress_runner.js:2286:14)",
                    "diff": null
                  },
                  "uuid": "5d30ea2b-95de-43d9-875d-5c10dbcf47db",
                  "parentUUID": "c38b2fb8-7f71-4e0c-8020-80f164944259",
                  "isHook": false,
                  "skipped": false
                },
                {
                  "title": "should match on md with 2 25 75 column layout",
                  "fullTitle": "Toyota - DEV - Firefox - test already taken snapshot should match on md with 2 25 75 column layout",
                  "timedOut": null,
                  "duration": 27,
                  "state": "failed",
                  "speed": null,
                  "pass": false,
                  "fail": true,
                  "pending": false,
                  "context": "{\n  \"title\": \"cypress-mochawesome-reporter-videos-failed\",\n  \"value\": \"cypress\\\\integration\\\\cmp\\\\test-component.ts\"\n}",
                  "code": "cy.takeSnapshot({\n    viewport: viewport,\n    element: `#column-${columnLayout}`,\n});",
                  "err": {
                    "message": "TypeError: cy.getElement(...).matchImageSnapshot is not a function",
                    "estack": "TypeError: cy.getElement(...).matchImageSnapshot is not a function\nat ./cypress/support/commands/takeSnapshot.ts/ (webpack://cypress-example-e2e-snapshots/./cypress/support/commands/takeSnapshot.ts:16:0)\nat getRet (https://basic-site-theta.vercel.app/__cypress/runner/cypress_runner.js:118826:20)\nat tryCatcher (https://basic-site-theta.vercel.app/__cypress/runner/cypress_runner.js:1807:23)\nat __webpack_modules__</module.exports/Promise.try (https://basic-site-theta.vercel.app/__cypress/runner/cypress_runner.js:4315:29)\nat thenFn (https://basic-site-theta.vercel.app/__cypress/runner/cypress_runner.js:118837:60)\nat then (https://basic-site-theta.vercel.app/__cypress/runner/cypress_runner.js:119088:21)\nat wrapped (https://basic-site-theta.vercel.app/__cypress/runner/cypress_runner.js:137994:19)\nat __webpack_modules__</runCommand (https://basic-site-theta.vercel.app/__cypress/runner/cypress_runner.js:143915:15)\nat tryCatcher (https://basic-site-theta.vercel.app/__cypress/runner/cypress_runner.js:1807:23)\nat __webpack_modules__</module.exports/Promise.prototype._settlePromiseFromHandler (https://basic-site-theta.vercel.app/__cypress/runner/cypress_runner.js:1519:31)\nat __webpack_modules__</module.exports/Promise.prototype._settlePromise (https://basic-site-theta.vercel.app/__cypress/runner/cypress_runner.js:1576:18)\nat __webpack_modules__</module.exports/Promise.prototype._settlePromiseCtx (https://basic-site-theta.vercel.app/__cypress/runner/cypress_runner.js:1613:10)\nat _drainQueueStep (https://basic-site-theta.vercel.app/__cypress/runner/cypress_runner.js:2411:12)\nat _drainQueue (https://basic-site-theta.vercel.app/__cypress/runner/cypress_runner.js:2400:24)\nat __webpack_modules__</Async.prototype._drainQueues (https://basic-site-theta.vercel.app/__cypress/runner/cypress_runner.js:2416:16)\nat __webpack_modules__</Async/this.drainQueues (https://basic-site-theta.vercel.app/__cypress/runner/cypress_runner.js:2286:14)",
                    "diff": null
                  },
                  "uuid": "7e395cf3-095a-4794-af6a-69d969b984ce",
                  "parentUUID": "c38b2fb8-7f71-4e0c-8020-80f164944259",
                  "isHook": false,
                  "skipped": false
                },
                {
                  "title": "should match on lg with 2 25 75 column layout",
                  "fullTitle": "Toyota - DEV - Firefox - test already taken snapshot should match on lg with 2 25 75 column layout",
                  "timedOut": null,
                  "duration": 22,
                  "state": "failed",
                  "speed": null,
                  "pass": false,
                  "fail": true,
                  "pending": false,
                  "context": "{\n  \"title\": \"cypress-mochawesome-reporter-videos-failed\",\n  \"value\": \"cypress\\\\integration\\\\cmp\\\\test-component.ts\"\n}",
                  "code": "cy.takeSnapshot({\n    viewport: viewport,\n    element: `#column-${columnLayout}`,\n});",
                  "err": {
                    "message": "TypeError: cy.getElement(...).matchImageSnapshot is not a function",
                    "estack": "TypeError: cy.getElement(...).matchImageSnapshot is not a function\nat ./cypress/support/commands/takeSnapshot.ts/ (webpack://cypress-example-e2e-snapshots/./cypress/support/commands/takeSnapshot.ts:16:0)\nat getRet (https://basic-site-theta.vercel.app/__cypress/runner/cypress_runner.js:118826:20)\nat tryCatcher (https://basic-site-theta.vercel.app/__cypress/runner/cypress_runner.js:1807:23)\nat __webpack_modules__</module.exports/Promise.try (https://basic-site-theta.vercel.app/__cypress/runner/cypress_runner.js:4315:29)\nat thenFn (https://basic-site-theta.vercel.app/__cypress/runner/cypress_runner.js:118837:60)\nat then (https://basic-site-theta.vercel.app/__cypress/runner/cypress_runner.js:119088:21)\nat wrapped (https://basic-site-theta.vercel.app/__cypress/runner/cypress_runner.js:137994:19)\nat __webpack_modules__</runCommand (https://basic-site-theta.vercel.app/__cypress/runner/cypress_runner.js:143915:15)\nat tryCatcher (https://basic-site-theta.vercel.app/__cypress/runner/cypress_runner.js:1807:23)\nat __webpack_modules__</module.exports/Promise.prototype._settlePromiseFromHandler (https://basic-site-theta.vercel.app/__cypress/runner/cypress_runner.js:1519:31)\nat __webpack_modules__</module.exports/Promise.prototype._settlePromise (https://basic-site-theta.vercel.app/__cypress/runner/cypress_runner.js:1576:18)\nat __webpack_modules__</module.exports/Promise.prototype._settlePromiseCtx (https://basic-site-theta.vercel.app/__cypress/runner/cypress_runner.js:1613:10)\nat _drainQueueStep (https://basic-site-theta.vercel.app/__cypress/runner/cypress_runner.js:2411:12)\nat _drainQueue (https://basic-site-theta.vercel.app/__cypress/runner/cypress_runner.js:2400:24)\nat __webpack_modules__</Async.prototype._drainQueues (https://basic-site-theta.vercel.app/__cypress/runner/cypress_runner.js:2416:16)\nat __webpack_modules__</Async/this.drainQueues (https://basic-site-theta.vercel.app/__cypress/runner/cypress_runner.js:2286:14)",
                    "diff": null
                  },
                  "uuid": "2a1fb50b-6780-4ec6-a2cf-099bdedc2e23",
                  "parentUUID": "c38b2fb8-7f71-4e0c-8020-80f164944259",
                  "isHook": false,
                  "skipped": false
                },
                {
                  "title": "should match on xl with 2 25 75 column layout",
                  "fullTitle": "Toyota - DEV - Firefox - test already taken snapshot should match on xl with 2 25 75 column layout",
                  "timedOut": null,
                  "duration": 18,
                  "state": "failed",
                  "speed": null,
                  "pass": false,
                  "fail": true,
                  "pending": false,
                  "context": "{\n  \"title\": \"cypress-mochawesome-reporter-videos-failed\",\n  \"value\": \"cypress\\\\integration\\\\cmp\\\\test-component.ts\"\n}",
                  "code": "cy.takeSnapshot({\n    viewport: viewport,\n    element: `#column-${columnLayout}`,\n});",
                  "err": {
                    "message": "TypeError: cy.getElement(...).matchImageSnapshot is not a function",
                    "estack": "TypeError: cy.getElement(...).matchImageSnapshot is not a function\nat ./cypress/support/commands/takeSnapshot.ts/ (webpack://cypress-example-e2e-snapshots/./cypress/support/commands/takeSnapshot.ts:16:0)\nat getRet (https://basic-site-theta.vercel.app/__cypress/runner/cypress_runner.js:118826:20)\nat tryCatcher (https://basic-site-theta.vercel.app/__cypress/runner/cypress_runner.js:1807:23)\nat __webpack_modules__</module.exports/Promise.try (https://basic-site-theta.vercel.app/__cypress/runner/cypress_runner.js:4315:29)\nat thenFn (https://basic-site-theta.vercel.app/__cypress/runner/cypress_runner.js:118837:60)\nat then (https://basic-site-theta.vercel.app/__cypress/runner/cypress_runner.js:119088:21)\nat wrapped (https://basic-site-theta.vercel.app/__cypress/runner/cypress_runner.js:137994:19)\nat __webpack_modules__</runCommand (https://basic-site-theta.vercel.app/__cypress/runner/cypress_runner.js:143915:15)\nat tryCatcher (https://basic-site-theta.vercel.app/__cypress/runner/cypress_runner.js:1807:23)\nat __webpack_modules__</module.exports/Promise.prototype._settlePromiseFromHandler (https://basic-site-theta.vercel.app/__cypress/runner/cypress_runner.js:1519:31)\nat __webpack_modules__</module.exports/Promise.prototype._settlePromise (https://basic-site-theta.vercel.app/__cypress/runner/cypress_runner.js:1576:18)\nat __webpack_modules__</module.exports/Promise.prototype._settlePromiseCtx (https://basic-site-theta.vercel.app/__cypress/runner/cypress_runner.js:1613:10)\nat _drainQueueStep (https://basic-site-theta.vercel.app/__cypress/runner/cypress_runner.js:2411:12)\nat _drainQueue (https://basic-site-theta.vercel.app/__cypress/runner/cypress_runner.js:2400:24)\nat __webpack_modules__</Async.prototype._drainQueues (https://basic-site-theta.vercel.app/__cypress/runner/cypress_runner.js:2416:16)\nat __webpack_modules__</Async/this.drainQueues (https://basic-site-theta.vercel.app/__cypress/runner/cypress_runner.js:2286:14)",
                    "diff": null
                  },
                  "uuid": "3198e0cc-6dad-4007-941b-1e9102012c24",
                  "parentUUID": "c38b2fb8-7f71-4e0c-8020-80f164944259",
                  "isHook": false,
                  "skipped": false
                },
                {
                  "title": "should match on xxl with 2 25 75 column layout",
                  "fullTitle": "Toyota - DEV - Firefox - test already taken snapshot should match on xxl with 2 25 75 column layout",
                  "timedOut": null,
                  "duration": 20,
                  "state": "failed",
                  "speed": null,
                  "pass": false,
                  "fail": true,
                  "pending": false,
                  "context": "{\n  \"title\": \"cypress-mochawesome-reporter-videos-failed\",\n  \"value\": \"cypress\\\\integration\\\\cmp\\\\test-component.ts\"\n}",
                  "code": "cy.takeSnapshot({\n    viewport: viewport,\n    element: `#column-${columnLayout}`,\n});",
                  "err": {
                    "message": "TypeError: cy.getElement(...).matchImageSnapshot is not a function",
                    "estack": "TypeError: cy.getElement(...).matchImageSnapshot is not a function\nat ./cypress/support/commands/takeSnapshot.ts/ (webpack://cypress-example-e2e-snapshots/./cypress/support/commands/takeSnapshot.ts:16:0)\nat getRet (https://basic-site-theta.vercel.app/__cypress/runner/cypress_runner.js:118826:20)\nat tryCatcher (https://basic-site-theta.vercel.app/__cypress/runner/cypress_runner.js:1807:23)\nat __webpack_modules__</module.exports/Promise.try (https://basic-site-theta.vercel.app/__cypress/runner/cypress_runner.js:4315:29)\nat thenFn (https://basic-site-theta.vercel.app/__cypress/runner/cypress_runner.js:118837:60)\nat then (https://basic-site-theta.vercel.app/__cypress/runner/cypress_runner.js:119088:21)\nat wrapped (https://basic-site-theta.vercel.app/__cypress/runner/cypress_runner.js:137994:19)\nat __webpack_modules__</runCommand (https://basic-site-theta.vercel.app/__cypress/runner/cypress_runner.js:143915:15)\nat tryCatcher (https://basic-site-theta.vercel.app/__cypress/runner/cypress_runner.js:1807:23)\nat __webpack_modules__</module.exports/Promise.prototype._settlePromiseFromHandler (https://basic-site-theta.vercel.app/__cypress/runner/cypress_runner.js:1519:31)\nat __webpack_modules__</module.exports/Promise.prototype._settlePromise (https://basic-site-theta.vercel.app/__cypress/runner/cypress_runner.js:1576:18)\nat __webpack_modules__</module.exports/Promise.prototype._settlePromiseCtx (https://basic-site-theta.vercel.app/__cypress/runner/cypress_runner.js:1613:10)\nat _drainQueueStep (https://basic-site-theta.vercel.app/__cypress/runner/cypress_runner.js:2411:12)\nat _drainQueue (https://basic-site-theta.vercel.app/__cypress/runner/cypress_runner.js:2400:24)\nat __webpack_modules__</Async.prototype._drainQueues (https://basic-site-theta.vercel.app/__cypress/runner/cypress_runner.js:2416:16)\nat __webpack_modules__</Async/this.drainQueues (https://basic-site-theta.vercel.app/__cypress/runner/cypress_runner.js:2286:14)",
                    "diff": null
                  },
                  "uuid": "972333c7-e31f-495f-9c32-3a3136f252ab",
                  "parentUUID": "c38b2fb8-7f71-4e0c-8020-80f164944259",
                  "isHook": false,
                  "skipped": false
                },
                {
                  "title": "should match on xxxl with 2 25 75 column layout",
                  "fullTitle": "Toyota - DEV - Firefox - test already taken snapshot should match on xxxl with 2 25 75 column layout",
                  "timedOut": null,
                  "duration": 26,
                  "state": "failed",
                  "speed": null,
                  "pass": false,
                  "fail": true,
                  "pending": false,
                  "context": "{\n  \"title\": \"cypress-mochawesome-reporter-videos-failed\",\n  \"value\": \"cypress\\\\integration\\\\cmp\\\\test-component.ts\"\n}",
                  "code": "cy.takeSnapshot({\n    viewport: viewport,\n    element: `#column-${columnLayout}`,\n});",
                  "err": {
                    "message": "TypeError: cy.getElement(...).matchImageSnapshot is not a function",
                    "estack": "TypeError: cy.getElement(...).matchImageSnapshot is not a function\nat ./cypress/support/commands/takeSnapshot.ts/ (webpack://cypress-example-e2e-snapshots/./cypress/support/commands/takeSnapshot.ts:16:0)\nat getRet (https://basic-site-theta.vercel.app/__cypress/runner/cypress_runner.js:118826:20)\nat tryCatcher (https://basic-site-theta.vercel.app/__cypress/runner/cypress_runner.js:1807:23)\nat __webpack_modules__</module.exports/Promise.try (https://basic-site-theta.vercel.app/__cypress/runner/cypress_runner.js:4315:29)\nat thenFn (https://basic-site-theta.vercel.app/__cypress/runner/cypress_runner.js:118837:60)\nat then (https://basic-site-theta.vercel.app/__cypress/runner/cypress_runner.js:119088:21)\nat wrapped (https://basic-site-theta.vercel.app/__cypress/runner/cypress_runner.js:137994:19)\nat __webpack_modules__</runCommand (https://basic-site-theta.vercel.app/__cypress/runner/cypress_runner.js:143915:15)\nat tryCatcher (https://basic-site-theta.vercel.app/__cypress/runner/cypress_runner.js:1807:23)\nat __webpack_modules__</module.exports/Promise.prototype._settlePromiseFromHandler (https://basic-site-theta.vercel.app/__cypress/runner/cypress_runner.js:1519:31)\nat __webpack_modules__</module.exports/Promise.prototype._settlePromise (https://basic-site-theta.vercel.app/__cypress/runner/cypress_runner.js:1576:18)\nat __webpack_modules__</module.exports/Promise.prototype._settlePromiseCtx (https://basic-site-theta.vercel.app/__cypress/runner/cypress_runner.js:1613:10)\nat _drainQueueStep (https://basic-site-theta.vercel.app/__cypress/runner/cypress_runner.js:2411:12)\nat _drainQueue (https://basic-site-theta.vercel.app/__cypress/runner/cypress_runner.js:2400:24)\nat __webpack_modules__</Async.prototype._drainQueues (https://basic-site-theta.vercel.app/__cypress/runner/cypress_runner.js:2416:16)\nat __webpack_modules__</Async/this.drainQueues (https://basic-site-theta.vercel.app/__cypress/runner/cypress_runner.js:2286:14)",
                    "diff": null
                  },
                  "uuid": "8d2256e5-a3f8-41dc-8f91-bbb17e0247a0",
                  "parentUUID": "c38b2fb8-7f71-4e0c-8020-80f164944259",
                  "isHook": false,
                  "skipped": false
                }
              ],
              "suites": [],
              "passes": [],
              "failures": [
                "25187925-7a52-44b4-bef3-01de45a70385",
                "5d30ea2b-95de-43d9-875d-5c10dbcf47db",
                "7e395cf3-095a-4794-af6a-69d969b984ce",
                "2a1fb50b-6780-4ec6-a2cf-099bdedc2e23",
                "3198e0cc-6dad-4007-941b-1e9102012c24",
                "972333c7-e31f-495f-9c32-3a3136f252ab",
                "8d2256e5-a3f8-41dc-8f91-bbb17e0247a0"
              ],
              "pending": [],
              "skipped": [],
              "duration": 460,
              "root": false,
              "rootEmpty": false,
              "_timeout": 2000
            }
          ],
          "passes": [],
          "failures": [],
          "pending": [],
          "skipped": [],
          "duration": 0,
          "root": false,
          "rootEmpty": false,
          "_timeout": 2000
        }
      ],
      "passes": [],
      "failures": [],
      "pending": [],
      "skipped": [],
      "duration": 0,
      "root": true,
      "rootEmpty": true,
      "_timeout": 2000
    }
  ],
  "meta": {
    "mocha": {
      "version": "7.0.1"
    },
    "mochawesome": {
      "options": {
        "quiet": false,
        "reportFilename": "mochawesome",
        "saveHtml": false,
        "saveJson": true,
        "consoleReporter": "spec",
        "useInlineDiffs": false,
        "code": true
      },
      "version": "7.1.3"
    },
    "marge": {
      "options": {
        "id": "default",
        "useInlineDiffs": true,
        "embeddedScreenshots": true,
        "reportDir": "cypress/reports/mocha",
        "quite": true,
        "overwrite": false,
        "html": false,
        "json": true
      },
      "version": "6.2.0"
    }
  }
}