{
  "stats": {
    "suites": 2,
    "tests": 77,
    "passes": 0,
    "pending": 0,
    "failures": 77,
    "start": "2024-07-11T19:18:36.283Z",
    "end": "2024-07-11T19:18:51.050Z",
    "duration": 14767,
    "testsRegistered": 77,
    "passPercent": 0,
    "pendingPercent": 0,
    "other": 0,
    "hasOther": false,
    "skipped": 0,
    "hasSkipped": false
  },
  "results": [
    {
      "uuid": "ff1e1e7b-f8bc-42a2-8b31-025eea5da37f",
      "title": "",
      "fullFile": "cypress\\integration\\cmp\\test-component.ts",
      "file": "cypress\\integration\\cmp\\test-component.ts",
      "beforeHooks": [],
      "afterHooks": [],
      "tests": [],
      "suites": [
        {
          "uuid": "d54fefc4-30c9-424e-9c6c-7f07df7dfb28",
          "title": "test",
          "fullFile": "",
          "file": "",
          "beforeHooks": [],
          "afterHooks": [],
          "tests": [],
          "suites": [
            {
              "uuid": "f14dcc1c-6fd3-4d61-a8cb-929f31f5d644",
              "title": "already taken snapshot",
              "fullFile": "",
              "file": "",
              "beforeHooks": [],
              "afterHooks": [],
              "tests": [
                {
                  "title": "should match on xs with 2 50 50 column layout",
                  "fullTitle": "test already taken snapshot should match on xs with 2 50 50 column layout",
                  "timedOut": null,
                  "duration": 684,
                  "state": "failed",
                  "speed": null,
                  "pass": false,
                  "fail": true,
                  "pending": false,
                  "context": "{\n  \"title\": \"cypress-mochawesome-reporter-videos-failed\",\n  \"value\": \"cypress\\\\integration\\\\cmp\\\\test-component.ts\"\n}",
                  "code": "cy.takeSnapshot({\n    viewport: viewport,\n    element: `#column-${columnLayout}`,\n});",
                  "err": {
                    "message": "TypeError: cy.getElement(...).matchImageSnapshot is not a function",
                    "estack": "TypeError: cy.getElement(...).matchImageSnapshot is not a function\n    at Context.eval (webpack://cypress-example-e2e-snapshots/./cypress/support/commands/takeSnapshot.ts:18:0)",
                    "diff": null
                  },
                  "uuid": "8b19e686-d433-4d0d-a636-4b5d2922b64a",
                  "parentUUID": "f14dcc1c-6fd3-4d61-a8cb-929f31f5d644",
                  "isHook": false,
                  "skipped": false
                },
                {
                  "title": "should match on sm with 2 50 50 column layout",
                  "fullTitle": "test already taken snapshot should match on sm with 2 50 50 column layout",
                  "timedOut": null,
                  "duration": 48,
                  "state": "failed",
                  "speed": null,
                  "pass": false,
                  "fail": true,
                  "pending": false,
                  "context": "{\n  \"title\": \"cypress-mochawesome-reporter-videos-failed\",\n  \"value\": \"cypress\\\\integration\\\\cmp\\\\test-component.ts\"\n}",
                  "code": "cy.takeSnapshot({\n    viewport: viewport,\n    element: `#column-${columnLayout}`,\n});",
                  "err": {
                    "message": "TypeError: cy.getElement(...).matchImageSnapshot is not a function",
                    "estack": "TypeError: cy.getElement(...).matchImageSnapshot is not a function\n    at Context.eval (webpack://cypress-example-e2e-snapshots/./cypress/support/commands/takeSnapshot.ts:18:0)",
                    "diff": null
                  },
                  "uuid": "d0e6b43e-83e6-42cd-b805-d343eef53f08",
                  "parentUUID": "f14dcc1c-6fd3-4d61-a8cb-929f31f5d644",
                  "isHook": false,
                  "skipped": false
                },
                {
                  "title": "should match on md with 2 50 50 column layout",
                  "fullTitle": "test already taken snapshot should match on md with 2 50 50 column layout",
                  "timedOut": null,
                  "duration": 6,
                  "state": "failed",
                  "speed": null,
                  "pass": false,
                  "fail": true,
                  "pending": false,
                  "context": "{\n  \"title\": \"cypress-mochawesome-reporter-videos-failed\",\n  \"value\": \"cypress\\\\integration\\\\cmp\\\\test-component.ts\"\n}",
                  "code": "cy.takeSnapshot({\n    viewport: viewport,\n    element: `#column-${columnLayout}`,\n});",
                  "err": {
                    "message": "TypeError: cy.getElement(...).matchImageSnapshot is not a function",
                    "estack": "TypeError: cy.getElement(...).matchImageSnapshot is not a function\n    at Context.eval (webpack://cypress-example-e2e-snapshots/./cypress/support/commands/takeSnapshot.ts:18:0)",
                    "diff": null
                  },
                  "uuid": "f648a1ee-1dc2-4b12-b3a5-213a167d5da0",
                  "parentUUID": "f14dcc1c-6fd3-4d61-a8cb-929f31f5d644",
                  "isHook": false,
                  "skipped": false
                },
                {
                  "title": "should match on lg with 2 50 50 column layout",
                  "fullTitle": "test already taken snapshot should match on lg with 2 50 50 column layout",
                  "timedOut": null,
                  "duration": 7,
                  "state": "failed",
                  "speed": null,
                  "pass": false,
                  "fail": true,
                  "pending": false,
                  "context": "{\n  \"title\": \"cypress-mochawesome-reporter-videos-failed\",\n  \"value\": \"cypress\\\\integration\\\\cmp\\\\test-component.ts\"\n}",
                  "code": "cy.takeSnapshot({\n    viewport: viewport,\n    element: `#column-${columnLayout}`,\n});",
                  "err": {
                    "message": "TypeError: cy.getElement(...).matchImageSnapshot is not a function",
                    "estack": "TypeError: cy.getElement(...).matchImageSnapshot is not a function\n    at Context.eval (webpack://cypress-example-e2e-snapshots/./cypress/support/commands/takeSnapshot.ts:18:0)",
                    "diff": null
                  },
                  "uuid": "c3315428-ede3-4366-8012-6a92ef869202",
                  "parentUUID": "f14dcc1c-6fd3-4d61-a8cb-929f31f5d644",
                  "isHook": false,
                  "skipped": false
                },
                {
                  "title": "should match on xl with 2 50 50 column layout",
                  "fullTitle": "test already taken snapshot should match on xl with 2 50 50 column layout",
                  "timedOut": null,
                  "duration": 7,
                  "state": "failed",
                  "speed": null,
                  "pass": false,
                  "fail": true,
                  "pending": false,
                  "context": "{\n  \"title\": \"cypress-mochawesome-reporter-videos-failed\",\n  \"value\": \"cypress\\\\integration\\\\cmp\\\\test-component.ts\"\n}",
                  "code": "cy.takeSnapshot({\n    viewport: viewport,\n    element: `#column-${columnLayout}`,\n});",
                  "err": {
                    "message": "TypeError: cy.getElement(...).matchImageSnapshot is not a function",
                    "estack": "TypeError: cy.getElement(...).matchImageSnapshot is not a function\n    at Context.eval (webpack://cypress-example-e2e-snapshots/./cypress/support/commands/takeSnapshot.ts:18:0)",
                    "diff": null
                  },
                  "uuid": "8537e69b-8a53-454a-b852-20455f6ea909",
                  "parentUUID": "f14dcc1c-6fd3-4d61-a8cb-929f31f5d644",
                  "isHook": false,
                  "skipped": false
                },
                {
                  "title": "should match on xxl with 2 50 50 column layout",
                  "fullTitle": "test already taken snapshot should match on xxl with 2 50 50 column layout",
                  "timedOut": null,
                  "duration": 5,
                  "state": "failed",
                  "speed": null,
                  "pass": false,
                  "fail": true,
                  "pending": false,
                  "context": "{\n  \"title\": \"cypress-mochawesome-reporter-videos-failed\",\n  \"value\": \"cypress\\\\integration\\\\cmp\\\\test-component.ts\"\n}",
                  "code": "cy.takeSnapshot({\n    viewport: viewport,\n    element: `#column-${columnLayout}`,\n});",
                  "err": {
                    "message": "TypeError: cy.getElement(...).matchImageSnapshot is not a function",
                    "estack": "TypeError: cy.getElement(...).matchImageSnapshot is not a function\n    at Context.eval (webpack://cypress-example-e2e-snapshots/./cypress/support/commands/takeSnapshot.ts:18:0)",
                    "diff": null
                  },
                  "uuid": "77aac985-1bb9-4a69-bece-087bd4bfaf91",
                  "parentUUID": "f14dcc1c-6fd3-4d61-a8cb-929f31f5d644",
                  "isHook": false,
                  "skipped": false
                },
                {
                  "title": "should match on xxxl with 2 50 50 column layout",
                  "fullTitle": "test already taken snapshot should match on xxxl with 2 50 50 column layout",
                  "timedOut": null,
                  "duration": 8,
                  "state": "failed",
                  "speed": null,
                  "pass": false,
                  "fail": true,
                  "pending": false,
                  "context": "{\n  \"title\": \"cypress-mochawesome-reporter-videos-failed\",\n  \"value\": \"cypress\\\\integration\\\\cmp\\\\test-component.ts\"\n}",
                  "code": "cy.takeSnapshot({\n    viewport: viewport,\n    element: `#column-${columnLayout}`,\n});",
                  "err": {
                    "message": "TypeError: cy.getElement(...).matchImageSnapshot is not a function",
                    "estack": "TypeError: cy.getElement(...).matchImageSnapshot is not a function\n    at Context.eval (webpack://cypress-example-e2e-snapshots/./cypress/support/commands/takeSnapshot.ts:18:0)",
                    "diff": null
                  },
                  "uuid": "95677d34-e5c5-4a93-b0b3-1dac0c383a3b",
                  "parentUUID": "f14dcc1c-6fd3-4d61-a8cb-929f31f5d644",
                  "isHook": false,
                  "skipped": false
                },
                {
                  "title": "should match on xs with 2 75 25 column layout",
                  "fullTitle": "test already taken snapshot should match on xs with 2 75 25 column layout",
                  "timedOut": null,
                  "duration": 39,
                  "state": "failed",
                  "speed": null,
                  "pass": false,
                  "fail": true,
                  "pending": false,
                  "context": "{\n  \"title\": \"cypress-mochawesome-reporter-videos-failed\",\n  \"value\": \"cypress\\\\integration\\\\cmp\\\\test-component.ts\"\n}",
                  "code": "cy.takeSnapshot({\n    viewport: viewport,\n    element: `#column-${columnLayout}`,\n});",
                  "err": {
                    "message": "TypeError: cy.getElement(...).matchImageSnapshot is not a function",
                    "estack": "TypeError: cy.getElement(...).matchImageSnapshot is not a function\n    at Context.eval (webpack://cypress-example-e2e-snapshots/./cypress/support/commands/takeSnapshot.ts:18:0)",
                    "diff": null
                  },
                  "uuid": "48db563d-d439-44c0-9bb5-27a3bf0e28d0",
                  "parentUUID": "f14dcc1c-6fd3-4d61-a8cb-929f31f5d644",
                  "isHook": false,
                  "skipped": false
                },
                {
                  "title": "should match on sm with 2 75 25 column layout",
                  "fullTitle": "test already taken snapshot should match on sm with 2 75 25 column layout",
                  "timedOut": null,
                  "duration": 33,
                  "state": "failed",
                  "speed": null,
                  "pass": false,
                  "fail": true,
                  "pending": false,
                  "context": "{\n  \"title\": \"cypress-mochawesome-reporter-videos-failed\",\n  \"value\": \"cypress\\\\integration\\\\cmp\\\\test-component.ts\"\n}",
                  "code": "cy.takeSnapshot({\n    viewport: viewport,\n    element: `#column-${columnLayout}`,\n});",
                  "err": {
                    "message": "TypeError: cy.getElement(...).matchImageSnapshot is not a function",
                    "estack": "TypeError: cy.getElement(...).matchImageSnapshot is not a function\n    at Context.eval (webpack://cypress-example-e2e-snapshots/./cypress/support/commands/takeSnapshot.ts:18:0)",
                    "diff": null
                  },
                  "uuid": "5aa36721-77fb-4942-9a5f-0b5f1c253bb9",
                  "parentUUID": "f14dcc1c-6fd3-4d61-a8cb-929f31f5d644",
                  "isHook": false,
                  "skipped": false
                },
                {
                  "title": "should match on md with 2 75 25 column layout",
                  "fullTitle": "test already taken snapshot should match on md with 2 75 25 column layout",
                  "timedOut": null,
                  "duration": 33,
                  "state": "failed",
                  "speed": null,
                  "pass": false,
                  "fail": true,
                  "pending": false,
                  "context": "{\n  \"title\": \"cypress-mochawesome-reporter-videos-failed\",\n  \"value\": \"cypress\\\\integration\\\\cmp\\\\test-component.ts\"\n}",
                  "code": "cy.takeSnapshot({\n    viewport: viewport,\n    element: `#column-${columnLayout}`,\n});",
                  "err": {
                    "message": "TypeError: cy.getElement(...).matchImageSnapshot is not a function",
                    "estack": "TypeError: cy.getElement(...).matchImageSnapshot is not a function\n    at Context.eval (webpack://cypress-example-e2e-snapshots/./cypress/support/commands/takeSnapshot.ts:18:0)",
                    "diff": null
                  },
                  "uuid": "32885bce-27fa-413c-9cb8-42e8e8385ef0",
                  "parentUUID": "f14dcc1c-6fd3-4d61-a8cb-929f31f5d644",
                  "isHook": false,
                  "skipped": false
                },
                {
                  "title": "should match on lg with 2 75 25 column layout",
                  "fullTitle": "test already taken snapshot should match on lg with 2 75 25 column layout",
                  "timedOut": null,
                  "duration": 9,
                  "state": "failed",
                  "speed": null,
                  "pass": false,
                  "fail": true,
                  "pending": false,
                  "context": "{\n  \"title\": \"cypress-mochawesome-reporter-videos-failed\",\n  \"value\": \"cypress\\\\integration\\\\cmp\\\\test-component.ts\"\n}",
                  "code": "cy.takeSnapshot({\n    viewport: viewport,\n    element: `#column-${columnLayout}`,\n});",
                  "err": {
                    "message": "TypeError: cy.getElement(...).matchImageSnapshot is not a function",
                    "estack": "TypeError: cy.getElement(...).matchImageSnapshot is not a function\n    at Context.eval (webpack://cypress-example-e2e-snapshots/./cypress/support/commands/takeSnapshot.ts:18:0)",
                    "diff": null
                  },
                  "uuid": "9ed5287d-80e0-4a08-a407-4f4591141215",
                  "parentUUID": "f14dcc1c-6fd3-4d61-a8cb-929f31f5d644",
                  "isHook": false,
                  "skipped": false
                },
                {
                  "title": "should match on xl with 2 75 25 column layout",
                  "fullTitle": "test already taken snapshot should match on xl with 2 75 25 column layout",
                  "timedOut": null,
                  "duration": 38,
                  "state": "failed",
                  "speed": null,
                  "pass": false,
                  "fail": true,
                  "pending": false,
                  "context": "{\n  \"title\": \"cypress-mochawesome-reporter-videos-failed\",\n  \"value\": \"cypress\\\\integration\\\\cmp\\\\test-component.ts\"\n}",
                  "code": "cy.takeSnapshot({\n    viewport: viewport,\n    element: `#column-${columnLayout}`,\n});",
                  "err": {
                    "message": "TypeError: cy.getElement(...).matchImageSnapshot is not a function",
                    "estack": "TypeError: cy.getElement(...).matchImageSnapshot is not a function\n    at Context.eval (webpack://cypress-example-e2e-snapshots/./cypress/support/commands/takeSnapshot.ts:18:0)",
                    "diff": null
                  },
                  "uuid": "37990dfe-6fa7-41db-abd4-6c7408c243c9",
                  "parentUUID": "f14dcc1c-6fd3-4d61-a8cb-929f31f5d644",
                  "isHook": false,
                  "skipped": false
                },
                {
                  "title": "should match on xxl with 2 75 25 column layout",
                  "fullTitle": "test already taken snapshot should match on xxl with 2 75 25 column layout",
                  "timedOut": null,
                  "duration": 41,
                  "state": "failed",
                  "speed": null,
                  "pass": false,
                  "fail": true,
                  "pending": false,
                  "context": "{\n  \"title\": \"cypress-mochawesome-reporter-videos-failed\",\n  \"value\": \"cypress\\\\integration\\\\cmp\\\\test-component.ts\"\n}",
                  "code": "cy.takeSnapshot({\n    viewport: viewport,\n    element: `#column-${columnLayout}`,\n});",
                  "err": {
                    "message": "TypeError: cy.getElement(...).matchImageSnapshot is not a function",
                    "estack": "TypeError: cy.getElement(...).matchImageSnapshot is not a function\n    at Context.eval (webpack://cypress-example-e2e-snapshots/./cypress/support/commands/takeSnapshot.ts:18:0)",
                    "diff": null
                  },
                  "uuid": "b8b63b38-7e0a-4cee-b854-ed57a1434994",
                  "parentUUID": "f14dcc1c-6fd3-4d61-a8cb-929f31f5d644",
                  "isHook": false,
                  "skipped": false
                },
                {
                  "title": "should match on xxxl with 2 75 25 column layout",
                  "fullTitle": "test already taken snapshot should match on xxxl with 2 75 25 column layout",
                  "timedOut": null,
                  "duration": 37,
                  "state": "failed",
                  "speed": null,
                  "pass": false,
                  "fail": true,
                  "pending": false,
                  "context": "{\n  \"title\": \"cypress-mochawesome-reporter-videos-failed\",\n  \"value\": \"cypress\\\\integration\\\\cmp\\\\test-component.ts\"\n}",
                  "code": "cy.takeSnapshot({\n    viewport: viewport,\n    element: `#column-${columnLayout}`,\n});",
                  "err": {
                    "message": "TypeError: cy.getElement(...).matchImageSnapshot is not a function",
                    "estack": "TypeError: cy.getElement(...).matchImageSnapshot is not a function\n    at Context.eval (webpack://cypress-example-e2e-snapshots/./cypress/support/commands/takeSnapshot.ts:18:0)",
                    "diff": null
                  },
                  "uuid": "02631f93-5def-4ac3-b5af-000e37eb9032",
                  "parentUUID": "f14dcc1c-6fd3-4d61-a8cb-929f31f5d644",
                  "isHook": false,
                  "skipped": false
                },
                {
                  "title": "should match on xs with 2 25 75 column layout",
                  "fullTitle": "test already taken snapshot should match on xs with 2 25 75 column layout",
                  "timedOut": null,
                  "duration": 8,
                  "state": "failed",
                  "speed": null,
                  "pass": false,
                  "fail": true,
                  "pending": false,
                  "context": "{\n  \"title\": \"cypress-mochawesome-reporter-videos-failed\",\n  \"value\": \"cypress\\\\integration\\\\cmp\\\\test-component.ts\"\n}",
                  "code": "cy.takeSnapshot({\n    viewport: viewport,\n    element: `#column-${columnLayout}`,\n});",
                  "err": {
                    "message": "TypeError: cy.getElement(...).matchImageSnapshot is not a function",
                    "estack": "TypeError: cy.getElement(...).matchImageSnapshot is not a function\n    at Context.eval (webpack://cypress-example-e2e-snapshots/./cypress/support/commands/takeSnapshot.ts:18:0)",
                    "diff": null
                  },
                  "uuid": "5ca09273-f2f9-4614-8094-a2490b1e2332",
                  "parentUUID": "f14dcc1c-6fd3-4d61-a8cb-929f31f5d644",
                  "isHook": false,
                  "skipped": false
                },
                {
                  "title": "should match on sm with 2 25 75 column layout",
                  "fullTitle": "test already taken snapshot should match on sm with 2 25 75 column layout",
                  "timedOut": null,
                  "duration": 43,
                  "state": "failed",
                  "speed": null,
                  "pass": false,
                  "fail": true,
                  "pending": false,
                  "context": "{\n  \"title\": \"cypress-mochawesome-reporter-videos-failed\",\n  \"value\": \"cypress\\\\integration\\\\cmp\\\\test-component.ts\"\n}",
                  "code": "cy.takeSnapshot({\n    viewport: viewport,\n    element: `#column-${columnLayout}`,\n});",
                  "err": {
                    "message": "TypeError: cy.getElement(...).matchImageSnapshot is not a function",
                    "estack": "TypeError: cy.getElement(...).matchImageSnapshot is not a function\n    at Context.eval (webpack://cypress-example-e2e-snapshots/./cypress/support/commands/takeSnapshot.ts:18:0)",
                    "diff": null
                  },
                  "uuid": "36ccf565-6597-4e47-bd2a-aed36c0fee3b",
                  "parentUUID": "f14dcc1c-6fd3-4d61-a8cb-929f31f5d644",
                  "isHook": false,
                  "skipped": false
                },
                {
                  "title": "should match on md with 2 25 75 column layout",
                  "fullTitle": "test already taken snapshot should match on md with 2 25 75 column layout",
                  "timedOut": null,
                  "duration": 47,
                  "state": "failed",
                  "speed": null,
                  "pass": false,
                  "fail": true,
                  "pending": false,
                  "context": "{\n  \"title\": \"cypress-mochawesome-reporter-videos-failed\",\n  \"value\": \"cypress\\\\integration\\\\cmp\\\\test-component.ts\"\n}",
                  "code": "cy.takeSnapshot({\n    viewport: viewport,\n    element: `#column-${columnLayout}`,\n});",
                  "err": {
                    "message": "TypeError: cy.getElement(...).matchImageSnapshot is not a function",
                    "estack": "TypeError: cy.getElement(...).matchImageSnapshot is not a function\n    at Context.eval (webpack://cypress-example-e2e-snapshots/./cypress/support/commands/takeSnapshot.ts:18:0)",
                    "diff": null
                  },
                  "uuid": "801139ec-e3e8-4ab9-96be-d16207801a98",
                  "parentUUID": "f14dcc1c-6fd3-4d61-a8cb-929f31f5d644",
                  "isHook": false,
                  "skipped": false
                },
                {
                  "title": "should match on lg with 2 25 75 column layout",
                  "fullTitle": "test already taken snapshot should match on lg with 2 25 75 column layout",
                  "timedOut": null,
                  "duration": 41,
                  "state": "failed",
                  "speed": null,
                  "pass": false,
                  "fail": true,
                  "pending": false,
                  "context": "{\n  \"title\": \"cypress-mochawesome-reporter-videos-failed\",\n  \"value\": \"cypress\\\\integration\\\\cmp\\\\test-component.ts\"\n}",
                  "code": "cy.takeSnapshot({\n    viewport: viewport,\n    element: `#column-${columnLayout}`,\n});",
                  "err": {
                    "message": "TypeError: cy.getElement(...).matchImageSnapshot is not a function",
                    "estack": "TypeError: cy.getElement(...).matchImageSnapshot is not a function\n    at Context.eval (webpack://cypress-example-e2e-snapshots/./cypress/support/commands/takeSnapshot.ts:18:0)",
                    "diff": null
                  },
                  "uuid": "70208eaf-2dcf-4e48-a0fd-8deed4e78d42",
                  "parentUUID": "f14dcc1c-6fd3-4d61-a8cb-929f31f5d644",
                  "isHook": false,
                  "skipped": false
                },
                {
                  "title": "should match on xl with 2 25 75 column layout",
                  "fullTitle": "test already taken snapshot should match on xl with 2 25 75 column layout",
                  "timedOut": null,
                  "duration": 57,
                  "state": "failed",
                  "speed": null,
                  "pass": false,
                  "fail": true,
                  "pending": false,
                  "context": "{\n  \"title\": \"cypress-mochawesome-reporter-videos-failed\",\n  \"value\": \"cypress\\\\integration\\\\cmp\\\\test-component.ts\"\n}",
                  "code": "cy.takeSnapshot({\n    viewport: viewport,\n    element: `#column-${columnLayout}`,\n});",
                  "err": {
                    "message": "TypeError: cy.getElement(...).matchImageSnapshot is not a function",
                    "estack": "TypeError: cy.getElement(...).matchImageSnapshot is not a function\n    at Context.eval (webpack://cypress-example-e2e-snapshots/./cypress/support/commands/takeSnapshot.ts:18:0)",
                    "diff": null
                  },
                  "uuid": "7535391b-212e-494f-b4c4-7fdbb4c63b6f",
                  "parentUUID": "f14dcc1c-6fd3-4d61-a8cb-929f31f5d644",
                  "isHook": false,
                  "skipped": false
                },
                {
                  "title": "should match on xxl with 2 25 75 column layout",
                  "fullTitle": "test already taken snapshot should match on xxl with 2 25 75 column layout",
                  "timedOut": null,
                  "duration": 91,
                  "state": "failed",
                  "speed": null,
                  "pass": false,
                  "fail": true,
                  "pending": false,
                  "context": "{\n  \"title\": \"cypress-mochawesome-reporter-videos-failed\",\n  \"value\": \"cypress\\\\integration\\\\cmp\\\\test-component.ts\"\n}",
                  "code": "cy.takeSnapshot({\n    viewport: viewport,\n    element: `#column-${columnLayout}`,\n});",
                  "err": {
                    "message": "TypeError: cy.getElement(...).matchImageSnapshot is not a function",
                    "estack": "TypeError: cy.getElement(...).matchImageSnapshot is not a function\n    at Context.eval (webpack://cypress-example-e2e-snapshots/./cypress/support/commands/takeSnapshot.ts:18:0)",
                    "diff": null
                  },
                  "uuid": "efa78c8b-14c2-470e-b8b0-80f25f7f7821",
                  "parentUUID": "f14dcc1c-6fd3-4d61-a8cb-929f31f5d644",
                  "isHook": false,
                  "skipped": false
                },
                {
                  "title": "should match on xxxl with 2 25 75 column layout",
                  "fullTitle": "test already taken snapshot should match on xxxl with 2 25 75 column layout",
                  "timedOut": null,
                  "duration": 60,
                  "state": "failed",
                  "speed": null,
                  "pass": false,
                  "fail": true,
                  "pending": false,
                  "context": "{\n  \"title\": \"cypress-mochawesome-reporter-videos-failed\",\n  \"value\": \"cypress\\\\integration\\\\cmp\\\\test-component.ts\"\n}",
                  "code": "cy.takeSnapshot({\n    viewport: viewport,\n    element: `#column-${columnLayout}`,\n});",
                  "err": {
                    "message": "TypeError: cy.getElement(...).matchImageSnapshot is not a function",
                    "estack": "TypeError: cy.getElement(...).matchImageSnapshot is not a function\n    at Context.eval (webpack://cypress-example-e2e-snapshots/./cypress/support/commands/takeSnapshot.ts:18:0)",
                    "diff": null
                  },
                  "uuid": "33b9508e-cc64-4129-a8a8-067003a6b2fb",
                  "parentUUID": "f14dcc1c-6fd3-4d61-a8cb-929f31f5d644",
                  "isHook": false,
                  "skipped": false
                },
                {
                  "title": "should match on xs with 2 50 large column layout",
                  "fullTitle": "test already taken snapshot should match on xs with 2 50 large column layout",
                  "timedOut": null,
                  "duration": 65,
                  "state": "failed",
                  "speed": null,
                  "pass": false,
                  "fail": true,
                  "pending": false,
                  "context": "{\n  \"title\": \"cypress-mochawesome-reporter-videos-failed\",\n  \"value\": \"cypress\\\\integration\\\\cmp\\\\test-component.ts\"\n}",
                  "code": "cy.takeSnapshot({\n    viewport: viewport,\n    element: `#column-${columnLayout}`,\n});",
                  "err": {
                    "message": "TypeError: cy.getElement(...).matchImageSnapshot is not a function",
                    "estack": "TypeError: cy.getElement(...).matchImageSnapshot is not a function\n    at Context.eval (webpack://cypress-example-e2e-snapshots/./cypress/support/commands/takeSnapshot.ts:18:0)",
                    "diff": null
                  },
                  "uuid": "07047231-182c-4473-8fc7-1492cd129283",
                  "parentUUID": "f14dcc1c-6fd3-4d61-a8cb-929f31f5d644",
                  "isHook": false,
                  "skipped": false
                },
                {
                  "title": "should match on sm with 2 50 large column layout",
                  "fullTitle": "test already taken snapshot should match on sm with 2 50 large column layout",
                  "timedOut": null,
                  "duration": 50,
                  "state": "failed",
                  "speed": null,
                  "pass": false,
                  "fail": true,
                  "pending": false,
                  "context": "{\n  \"title\": \"cypress-mochawesome-reporter-videos-failed\",\n  \"value\": \"cypress\\\\integration\\\\cmp\\\\test-component.ts\"\n}",
                  "code": "cy.takeSnapshot({\n    viewport: viewport,\n    element: `#column-${columnLayout}`,\n});",
                  "err": {
                    "message": "TypeError: cy.getElement(...).matchImageSnapshot is not a function",
                    "estack": "TypeError: cy.getElement(...).matchImageSnapshot is not a function\n    at Context.eval (webpack://cypress-example-e2e-snapshots/./cypress/support/commands/takeSnapshot.ts:18:0)",
                    "diff": null
                  },
                  "uuid": "7cd3fd07-e475-4cec-9bfb-ad7d9a0411fc",
                  "parentUUID": "f14dcc1c-6fd3-4d61-a8cb-929f31f5d644",
                  "isHook": false,
                  "skipped": false
                },
                {
                  "title": "should match on md with 2 50 large column layout",
                  "fullTitle": "test already taken snapshot should match on md with 2 50 large column layout",
                  "timedOut": null,
                  "duration": 46,
                  "state": "failed",
                  "speed": null,
                  "pass": false,
                  "fail": true,
                  "pending": false,
                  "context": "{\n  \"title\": \"cypress-mochawesome-reporter-videos-failed\",\n  \"value\": \"cypress\\\\integration\\\\cmp\\\\test-component.ts\"\n}",
                  "code": "cy.takeSnapshot({\n    viewport: viewport,\n    element: `#column-${columnLayout}`,\n});",
                  "err": {
                    "message": "TypeError: cy.getElement(...).matchImageSnapshot is not a function",
                    "estack": "TypeError: cy.getElement(...).matchImageSnapshot is not a function\n    at Context.eval (webpack://cypress-example-e2e-snapshots/./cypress/support/commands/takeSnapshot.ts:18:0)",
                    "diff": null
                  },
                  "uuid": "08ade614-4e6b-40a5-956a-19d644cab408",
                  "parentUUID": "f14dcc1c-6fd3-4d61-a8cb-929f31f5d644",
                  "isHook": false,
                  "skipped": false
                },
                {
                  "title": "should match on lg with 2 50 large column layout",
                  "fullTitle": "test already taken snapshot should match on lg with 2 50 large column layout",
                  "timedOut": null,
                  "duration": 54,
                  "state": "failed",
                  "speed": null,
                  "pass": false,
                  "fail": true,
                  "pending": false,
                  "context": "{\n  \"title\": \"cypress-mochawesome-reporter-videos-failed\",\n  \"value\": \"cypress\\\\integration\\\\cmp\\\\test-component.ts\"\n}",
                  "code": "cy.takeSnapshot({\n    viewport: viewport,\n    element: `#column-${columnLayout}`,\n});",
                  "err": {
                    "message": "TypeError: cy.getElement(...).matchImageSnapshot is not a function",
                    "estack": "TypeError: cy.getElement(...).matchImageSnapshot is not a function\n    at Context.eval (webpack://cypress-example-e2e-snapshots/./cypress/support/commands/takeSnapshot.ts:18:0)",
                    "diff": null
                  },
                  "uuid": "03d10323-4a7e-47dc-ab15-99ca7fc1f742",
                  "parentUUID": "f14dcc1c-6fd3-4d61-a8cb-929f31f5d644",
                  "isHook": false,
                  "skipped": false
                },
                {
                  "title": "should match on xl with 2 50 large column layout",
                  "fullTitle": "test already taken snapshot should match on xl with 2 50 large column layout",
                  "timedOut": null,
                  "duration": 50,
                  "state": "failed",
                  "speed": null,
                  "pass": false,
                  "fail": true,
                  "pending": false,
                  "context": "{\n  \"title\": \"cypress-mochawesome-reporter-videos-failed\",\n  \"value\": \"cypress\\\\integration\\\\cmp\\\\test-component.ts\"\n}",
                  "code": "cy.takeSnapshot({\n    viewport: viewport,\n    element: `#column-${columnLayout}`,\n});",
                  "err": {
                    "message": "TypeError: cy.getElement(...).matchImageSnapshot is not a function",
                    "estack": "TypeError: cy.getElement(...).matchImageSnapshot is not a function\n    at Context.eval (webpack://cypress-example-e2e-snapshots/./cypress/support/commands/takeSnapshot.ts:18:0)",
                    "diff": null
                  },
                  "uuid": "9d1a2fe1-23e3-4436-b51a-3ea0e1f60369",
                  "parentUUID": "f14dcc1c-6fd3-4d61-a8cb-929f31f5d644",
                  "isHook": false,
                  "skipped": false
                },
                {
                  "title": "should match on xxl with 2 50 large column layout",
                  "fullTitle": "test already taken snapshot should match on xxl with 2 50 large column layout",
                  "timedOut": null,
                  "duration": 51,
                  "state": "failed",
                  "speed": null,
                  "pass": false,
                  "fail": true,
                  "pending": false,
                  "context": "{\n  \"title\": \"cypress-mochawesome-reporter-videos-failed\",\n  \"value\": \"cypress\\\\integration\\\\cmp\\\\test-component.ts\"\n}",
                  "code": "cy.takeSnapshot({\n    viewport: viewport,\n    element: `#column-${columnLayout}`,\n});",
                  "err": {
                    "message": "TypeError: cy.getElement(...).matchImageSnapshot is not a function",
                    "estack": "TypeError: cy.getElement(...).matchImageSnapshot is not a function\n    at Context.eval (webpack://cypress-example-e2e-snapshots/./cypress/support/commands/takeSnapshot.ts:18:0)",
                    "diff": null
                  },
                  "uuid": "64075046-3bf2-4111-ae98-9d71d5108f19",
                  "parentUUID": "f14dcc1c-6fd3-4d61-a8cb-929f31f5d644",
                  "isHook": false,
                  "skipped": false
                },
                {
                  "title": "should match on xxxl with 2 50 large column layout",
                  "fullTitle": "test already taken snapshot should match on xxxl with 2 50 large column layout",
                  "timedOut": null,
                  "duration": 52,
                  "state": "failed",
                  "speed": null,
                  "pass": false,
                  "fail": true,
                  "pending": false,
                  "context": "{\n  \"title\": \"cypress-mochawesome-reporter-videos-failed\",\n  \"value\": \"cypress\\\\integration\\\\cmp\\\\test-component.ts\"\n}",
                  "code": "cy.takeSnapshot({\n    viewport: viewport,\n    element: `#column-${columnLayout}`,\n});",
                  "err": {
                    "message": "TypeError: cy.getElement(...).matchImageSnapshot is not a function",
                    "estack": "TypeError: cy.getElement(...).matchImageSnapshot is not a function\n    at Context.eval (webpack://cypress-example-e2e-snapshots/./cypress/support/commands/takeSnapshot.ts:18:0)",
                    "diff": null
                  },
                  "uuid": "58319dc8-e7df-4275-b72d-9928c11d105f",
                  "parentUUID": "f14dcc1c-6fd3-4d61-a8cb-929f31f5d644",
                  "isHook": false,
                  "skipped": false
                },
                {
                  "title": "should match on xs with 2 50 extra large column layout",
                  "fullTitle": "test already taken snapshot should match on xs with 2 50 extra large column layout",
                  "timedOut": null,
                  "duration": 56,
                  "state": "failed",
                  "speed": null,
                  "pass": false,
                  "fail": true,
                  "pending": false,
                  "context": "{\n  \"title\": \"cypress-mochawesome-reporter-videos-failed\",\n  \"value\": \"cypress\\\\integration\\\\cmp\\\\test-component.ts\"\n}",
                  "code": "cy.takeSnapshot({\n    viewport: viewport,\n    element: `#column-${columnLayout}`,\n});",
                  "err": {
                    "message": "TypeError: cy.getElement(...).matchImageSnapshot is not a function",
                    "estack": "TypeError: cy.getElement(...).matchImageSnapshot is not a function\n    at Context.eval (webpack://cypress-example-e2e-snapshots/./cypress/support/commands/takeSnapshot.ts:18:0)",
                    "diff": null
                  },
                  "uuid": "cbdc4298-ca67-4c38-bbcb-cb23e0f5380c",
                  "parentUUID": "f14dcc1c-6fd3-4d61-a8cb-929f31f5d644",
                  "isHook": false,
                  "skipped": false
                },
                {
                  "title": "should match on sm with 2 50 extra large column layout",
                  "fullTitle": "test already taken snapshot should match on sm with 2 50 extra large column layout",
                  "timedOut": null,
                  "duration": 56,
                  "state": "failed",
                  "speed": null,
                  "pass": false,
                  "fail": true,
                  "pending": false,
                  "context": "{\n  \"title\": \"cypress-mochawesome-reporter-videos-failed\",\n  \"value\": \"cypress\\\\integration\\\\cmp\\\\test-component.ts\"\n}",
                  "code": "cy.takeSnapshot({\n    viewport: viewport,\n    element: `#column-${columnLayout}`,\n});",
                  "err": {
                    "message": "TypeError: cy.getElement(...).matchImageSnapshot is not a function",
                    "estack": "TypeError: cy.getElement(...).matchImageSnapshot is not a function\n    at Context.eval (webpack://cypress-example-e2e-snapshots/./cypress/support/commands/takeSnapshot.ts:18:0)",
                    "diff": null
                  },
                  "uuid": "5990f1b9-4bc9-41b7-bcd8-3b6fb21de38c",
                  "parentUUID": "f14dcc1c-6fd3-4d61-a8cb-929f31f5d644",
                  "isHook": false,
                  "skipped": false
                },
                {
                  "title": "should match on md with 2 50 extra large column layout",
                  "fullTitle": "test already taken snapshot should match on md with 2 50 extra large column layout",
                  "timedOut": null,
                  "duration": 73,
                  "state": "failed",
                  "speed": null,
                  "pass": false,
                  "fail": true,
                  "pending": false,
                  "context": "{\n  \"title\": \"cypress-mochawesome-reporter-videos-failed\",\n  \"value\": \"cypress\\\\integration\\\\cmp\\\\test-component.ts\"\n}",
                  "code": "cy.takeSnapshot({\n    viewport: viewport,\n    element: `#column-${columnLayout}`,\n});",
                  "err": {
                    "message": "TypeError: cy.getElement(...).matchImageSnapshot is not a function",
                    "estack": "TypeError: cy.getElement(...).matchImageSnapshot is not a function\n    at Context.eval (webpack://cypress-example-e2e-snapshots/./cypress/support/commands/takeSnapshot.ts:18:0)",
                    "diff": null
                  },
                  "uuid": "82c8c339-e22f-4f23-957e-fb3842d2c0dc",
                  "parentUUID": "f14dcc1c-6fd3-4d61-a8cb-929f31f5d644",
                  "isHook": false,
                  "skipped": false
                },
                {
                  "title": "should match on lg with 2 50 extra large column layout",
                  "fullTitle": "test already taken snapshot should match on lg with 2 50 extra large column layout",
                  "timedOut": null,
                  "duration": 85,
                  "state": "failed",
                  "speed": null,
                  "pass": false,
                  "fail": true,
                  "pending": false,
                  "context": "{\n  \"title\": \"cypress-mochawesome-reporter-videos-failed\",\n  \"value\": \"cypress\\\\integration\\\\cmp\\\\test-component.ts\"\n}",
                  "code": "cy.takeSnapshot({\n    viewport: viewport,\n    element: `#column-${columnLayout}`,\n});",
                  "err": {
                    "message": "TypeError: cy.getElement(...).matchImageSnapshot is not a function",
                    "estack": "TypeError: cy.getElement(...).matchImageSnapshot is not a function\n    at Context.eval (webpack://cypress-example-e2e-snapshots/./cypress/support/commands/takeSnapshot.ts:18:0)",
                    "diff": null
                  },
                  "uuid": "c5aec76f-6ef1-4591-a811-f54e31602a53",
                  "parentUUID": "f14dcc1c-6fd3-4d61-a8cb-929f31f5d644",
                  "isHook": false,
                  "skipped": false
                },
                {
                  "title": "should match on xl with 2 50 extra large column layout",
                  "fullTitle": "test already taken snapshot should match on xl with 2 50 extra large column layout",
                  "timedOut": null,
                  "duration": 66,
                  "state": "failed",
                  "speed": null,
                  "pass": false,
                  "fail": true,
                  "pending": false,
                  "context": "{\n  \"title\": \"cypress-mochawesome-reporter-videos-failed\",\n  \"value\": \"cypress\\\\integration\\\\cmp\\\\test-component.ts\"\n}",
                  "code": "cy.takeSnapshot({\n    viewport: viewport,\n    element: `#column-${columnLayout}`,\n});",
                  "err": {
                    "message": "TypeError: cy.getElement(...).matchImageSnapshot is not a function",
                    "estack": "TypeError: cy.getElement(...).matchImageSnapshot is not a function\n    at Context.eval (webpack://cypress-example-e2e-snapshots/./cypress/support/commands/takeSnapshot.ts:18:0)",
                    "diff": null
                  },
                  "uuid": "c8d14051-db43-4e2a-8fb0-b4d7f588d496",
                  "parentUUID": "f14dcc1c-6fd3-4d61-a8cb-929f31f5d644",
                  "isHook": false,
                  "skipped": false
                },
                {
                  "title": "should match on xxl with 2 50 extra large column layout",
                  "fullTitle": "test already taken snapshot should match on xxl with 2 50 extra large column layout",
                  "timedOut": null,
                  "duration": 60,
                  "state": "failed",
                  "speed": null,
                  "pass": false,
                  "fail": true,
                  "pending": false,
                  "context": "{\n  \"title\": \"cypress-mochawesome-reporter-videos-failed\",\n  \"value\": \"cypress\\\\integration\\\\cmp\\\\test-component.ts\"\n}",
                  "code": "cy.takeSnapshot({\n    viewport: viewport,\n    element: `#column-${columnLayout}`,\n});",
                  "err": {
                    "message": "TypeError: cy.getElement(...).matchImageSnapshot is not a function",
                    "estack": "TypeError: cy.getElement(...).matchImageSnapshot is not a function\n    at Context.eval (webpack://cypress-example-e2e-snapshots/./cypress/support/commands/takeSnapshot.ts:18:0)",
                    "diff": null
                  },
                  "uuid": "1fbc8211-d008-4e75-8063-389572678e52",
                  "parentUUID": "f14dcc1c-6fd3-4d61-a8cb-929f31f5d644",
                  "isHook": false,
                  "skipped": false
                },
                {
                  "title": "should match on xxxl with 2 50 extra large column layout",
                  "fullTitle": "test already taken snapshot should match on xxxl with 2 50 extra large column layout",
                  "timedOut": null,
                  "duration": 54,
                  "state": "failed",
                  "speed": null,
                  "pass": false,
                  "fail": true,
                  "pending": false,
                  "context": "{\n  \"title\": \"cypress-mochawesome-reporter-videos-failed\",\n  \"value\": \"cypress\\\\integration\\\\cmp\\\\test-component.ts\"\n}",
                  "code": "cy.takeSnapshot({\n    viewport: viewport,\n    element: `#column-${columnLayout}`,\n});",
                  "err": {
                    "message": "TypeError: cy.getElement(...).matchImageSnapshot is not a function",
                    "estack": "TypeError: cy.getElement(...).matchImageSnapshot is not a function\n    at Context.eval (webpack://cypress-example-e2e-snapshots/./cypress/support/commands/takeSnapshot.ts:18:0)",
                    "diff": null
                  },
                  "uuid": "37bea707-124e-454f-b74e-8b599f278829",
                  "parentUUID": "f14dcc1c-6fd3-4d61-a8cb-929f31f5d644",
                  "isHook": false,
                  "skipped": false
                },
                {
                  "title": "should match on xs with 3 33 33 33 column layout",
                  "fullTitle": "test already taken snapshot should match on xs with 3 33 33 33 column layout",
                  "timedOut": null,
                  "duration": 74,
                  "state": "failed",
                  "speed": null,
                  "pass": false,
                  "fail": true,
                  "pending": false,
                  "context": "{\n  \"title\": \"cypress-mochawesome-reporter-videos-failed\",\n  \"value\": \"cypress\\\\integration\\\\cmp\\\\test-component.ts\"\n}",
                  "code": "cy.takeSnapshot({\n    viewport: viewport,\n    element: `#column-${columnLayout}`,\n});",
                  "err": {
                    "message": "TypeError: cy.getElement(...).matchImageSnapshot is not a function",
                    "estack": "TypeError: cy.getElement(...).matchImageSnapshot is not a function\n    at Context.eval (webpack://cypress-example-e2e-snapshots/./cypress/support/commands/takeSnapshot.ts:18:0)",
                    "diff": null
                  },
                  "uuid": "a02bb97b-eec1-4683-88e7-7420473814fa",
                  "parentUUID": "f14dcc1c-6fd3-4d61-a8cb-929f31f5d644",
                  "isHook": false,
                  "skipped": false
                },
                {
                  "title": "should match on sm with 3 33 33 33 column layout",
                  "fullTitle": "test already taken snapshot should match on sm with 3 33 33 33 column layout",
                  "timedOut": null,
                  "duration": 60,
                  "state": "failed",
                  "speed": null,
                  "pass": false,
                  "fail": true,
                  "pending": false,
                  "context": "{\n  \"title\": \"cypress-mochawesome-reporter-videos-failed\",\n  \"value\": \"cypress\\\\integration\\\\cmp\\\\test-component.ts\"\n}",
                  "code": "cy.takeSnapshot({\n    viewport: viewport,\n    element: `#column-${columnLayout}`,\n});",
                  "err": {
                    "message": "TypeError: cy.getElement(...).matchImageSnapshot is not a function",
                    "estack": "TypeError: cy.getElement(...).matchImageSnapshot is not a function\n    at Context.eval (webpack://cypress-example-e2e-snapshots/./cypress/support/commands/takeSnapshot.ts:18:0)",
                    "diff": null
                  },
                  "uuid": "cae36089-d9a2-47f5-ad2f-6f07398acfb9",
                  "parentUUID": "f14dcc1c-6fd3-4d61-a8cb-929f31f5d644",
                  "isHook": false,
                  "skipped": false
                },
                {
                  "title": "should match on md with 3 33 33 33 column layout",
                  "fullTitle": "test already taken snapshot should match on md with 3 33 33 33 column layout",
                  "timedOut": null,
                  "duration": 64,
                  "state": "failed",
                  "speed": null,
                  "pass": false,
                  "fail": true,
                  "pending": false,
                  "context": "{\n  \"title\": \"cypress-mochawesome-reporter-videos-failed\",\n  \"value\": \"cypress\\\\integration\\\\cmp\\\\test-component.ts\"\n}",
                  "code": "cy.takeSnapshot({\n    viewport: viewport,\n    element: `#column-${columnLayout}`,\n});",
                  "err": {
                    "message": "TypeError: cy.getElement(...).matchImageSnapshot is not a function",
                    "estack": "TypeError: cy.getElement(...).matchImageSnapshot is not a function\n    at Context.eval (webpack://cypress-example-e2e-snapshots/./cypress/support/commands/takeSnapshot.ts:18:0)",
                    "diff": null
                  },
                  "uuid": "9bb27133-889b-49b4-87a5-80ca16b2b659",
                  "parentUUID": "f14dcc1c-6fd3-4d61-a8cb-929f31f5d644",
                  "isHook": false,
                  "skipped": false
                },
                {
                  "title": "should match on lg with 3 33 33 33 column layout",
                  "fullTitle": "test already taken snapshot should match on lg with 3 33 33 33 column layout",
                  "timedOut": null,
                  "duration": 61,
                  "state": "failed",
                  "speed": null,
                  "pass": false,
                  "fail": true,
                  "pending": false,
                  "context": "{\n  \"title\": \"cypress-mochawesome-reporter-videos-failed\",\n  \"value\": \"cypress\\\\integration\\\\cmp\\\\test-component.ts\"\n}",
                  "code": "cy.takeSnapshot({\n    viewport: viewport,\n    element: `#column-${columnLayout}`,\n});",
                  "err": {
                    "message": "TypeError: cy.getElement(...).matchImageSnapshot is not a function",
                    "estack": "TypeError: cy.getElement(...).matchImageSnapshot is not a function\n    at Context.eval (webpack://cypress-example-e2e-snapshots/./cypress/support/commands/takeSnapshot.ts:18:0)",
                    "diff": null
                  },
                  "uuid": "5c0dceb6-8372-4209-89bb-000edae762fd",
                  "parentUUID": "f14dcc1c-6fd3-4d61-a8cb-929f31f5d644",
                  "isHook": false,
                  "skipped": false
                },
                {
                  "title": "should match on xl with 3 33 33 33 column layout",
                  "fullTitle": "test already taken snapshot should match on xl with 3 33 33 33 column layout",
                  "timedOut": null,
                  "duration": 63,
                  "state": "failed",
                  "speed": null,
                  "pass": false,
                  "fail": true,
                  "pending": false,
                  "context": "{\n  \"title\": \"cypress-mochawesome-reporter-videos-failed\",\n  \"value\": \"cypress\\\\integration\\\\cmp\\\\test-component.ts\"\n}",
                  "code": "cy.takeSnapshot({\n    viewport: viewport,\n    element: `#column-${columnLayout}`,\n});",
                  "err": {
                    "message": "TypeError: cy.getElement(...).matchImageSnapshot is not a function",
                    "estack": "TypeError: cy.getElement(...).matchImageSnapshot is not a function\n    at Context.eval (webpack://cypress-example-e2e-snapshots/./cypress/support/commands/takeSnapshot.ts:18:0)",
                    "diff": null
                  },
                  "uuid": "40204edd-0e0b-4384-b113-3725c228f2a8",
                  "parentUUID": "f14dcc1c-6fd3-4d61-a8cb-929f31f5d644",
                  "isHook": false,
                  "skipped": false
                },
                {
                  "title": "should match on xxl with 3 33 33 33 column layout",
                  "fullTitle": "test already taken snapshot should match on xxl with 3 33 33 33 column layout",
                  "timedOut": null,
                  "duration": 72,
                  "state": "failed",
                  "speed": null,
                  "pass": false,
                  "fail": true,
                  "pending": false,
                  "context": "{\n  \"title\": \"cypress-mochawesome-reporter-videos-failed\",\n  \"value\": \"cypress\\\\integration\\\\cmp\\\\test-component.ts\"\n}",
                  "code": "cy.takeSnapshot({\n    viewport: viewport,\n    element: `#column-${columnLayout}`,\n});",
                  "err": {
                    "message": "TypeError: cy.getElement(...).matchImageSnapshot is not a function",
                    "estack": "TypeError: cy.getElement(...).matchImageSnapshot is not a function\n    at Context.eval (webpack://cypress-example-e2e-snapshots/./cypress/support/commands/takeSnapshot.ts:18:0)",
                    "diff": null
                  },
                  "uuid": "f0c96527-e950-48c0-ad4c-c6923e0ab7e4",
                  "parentUUID": "f14dcc1c-6fd3-4d61-a8cb-929f31f5d644",
                  "isHook": false,
                  "skipped": false
                },
                {
                  "title": "should match on xxxl with 3 33 33 33 column layout",
                  "fullTitle": "test already taken snapshot should match on xxxl with 3 33 33 33 column layout",
                  "timedOut": null,
                  "duration": 63,
                  "state": "failed",
                  "speed": null,
                  "pass": false,
                  "fail": true,
                  "pending": false,
                  "context": "{\n  \"title\": \"cypress-mochawesome-reporter-videos-failed\",\n  \"value\": \"cypress\\\\integration\\\\cmp\\\\test-component.ts\"\n}",
                  "code": "cy.takeSnapshot({\n    viewport: viewport,\n    element: `#column-${columnLayout}`,\n});",
                  "err": {
                    "message": "TypeError: cy.getElement(...).matchImageSnapshot is not a function",
                    "estack": "TypeError: cy.getElement(...).matchImageSnapshot is not a function\n    at Context.eval (webpack://cypress-example-e2e-snapshots/./cypress/support/commands/takeSnapshot.ts:18:0)",
                    "diff": null
                  },
                  "uuid": "c323db79-3f8e-43c7-ac2f-fbe2e4ceaa06",
                  "parentUUID": "f14dcc1c-6fd3-4d61-a8cb-929f31f5d644",
                  "isHook": false,
                  "skipped": false
                },
                {
                  "title": "should match on xs with 3 50 25 25 column layout",
                  "fullTitle": "test already taken snapshot should match on xs with 3 50 25 25 column layout",
                  "timedOut": null,
                  "duration": 79,
                  "state": "failed",
                  "speed": null,
                  "pass": false,
                  "fail": true,
                  "pending": false,
                  "context": "{\n  \"title\": \"cypress-mochawesome-reporter-videos-failed\",\n  \"value\": \"cypress\\\\integration\\\\cmp\\\\test-component.ts\"\n}",
                  "code": "cy.takeSnapshot({\n    viewport: viewport,\n    element: `#column-${columnLayout}`,\n});",
                  "err": {
                    "message": "TypeError: cy.getElement(...).matchImageSnapshot is not a function",
                    "estack": "TypeError: cy.getElement(...).matchImageSnapshot is not a function\n    at Context.eval (webpack://cypress-example-e2e-snapshots/./cypress/support/commands/takeSnapshot.ts:18:0)",
                    "diff": null
                  },
                  "uuid": "b659d87f-2c98-45cd-877b-844a5b54842d",
                  "parentUUID": "f14dcc1c-6fd3-4d61-a8cb-929f31f5d644",
                  "isHook": false,
                  "skipped": false
                },
                {
                  "title": "should match on sm with 3 50 25 25 column layout",
                  "fullTitle": "test already taken snapshot should match on sm with 3 50 25 25 column layout",
                  "timedOut": null,
                  "duration": 67,
                  "state": "failed",
                  "speed": null,
                  "pass": false,
                  "fail": true,
                  "pending": false,
                  "context": "{\n  \"title\": \"cypress-mochawesome-reporter-videos-failed\",\n  \"value\": \"cypress\\\\integration\\\\cmp\\\\test-component.ts\"\n}",
                  "code": "cy.takeSnapshot({\n    viewport: viewport,\n    element: `#column-${columnLayout}`,\n});",
                  "err": {
                    "message": "TypeError: cy.getElement(...).matchImageSnapshot is not a function",
                    "estack": "TypeError: cy.getElement(...).matchImageSnapshot is not a function\n    at Context.eval (webpack://cypress-example-e2e-snapshots/./cypress/support/commands/takeSnapshot.ts:18:0)",
                    "diff": null
                  },
                  "uuid": "891682df-9420-4d0c-a56f-13a25fd20524",
                  "parentUUID": "f14dcc1c-6fd3-4d61-a8cb-929f31f5d644",
                  "isHook": false,
                  "skipped": false
                },
                {
                  "title": "should match on md with 3 50 25 25 column layout",
                  "fullTitle": "test already taken snapshot should match on md with 3 50 25 25 column layout",
                  "timedOut": null,
                  "duration": 66,
                  "state": "failed",
                  "speed": null,
                  "pass": false,
                  "fail": true,
                  "pending": false,
                  "context": "{\n  \"title\": \"cypress-mochawesome-reporter-videos-failed\",\n  \"value\": \"cypress\\\\integration\\\\cmp\\\\test-component.ts\"\n}",
                  "code": "cy.takeSnapshot({\n    viewport: viewport,\n    element: `#column-${columnLayout}`,\n});",
                  "err": {
                    "message": "TypeError: cy.getElement(...).matchImageSnapshot is not a function",
                    "estack": "TypeError: cy.getElement(...).matchImageSnapshot is not a function\n    at Context.eval (webpack://cypress-example-e2e-snapshots/./cypress/support/commands/takeSnapshot.ts:18:0)",
                    "diff": null
                  },
                  "uuid": "e26c45cd-f1f7-4952-b580-a5f4f00cd85d",
                  "parentUUID": "f14dcc1c-6fd3-4d61-a8cb-929f31f5d644",
                  "isHook": false,
                  "skipped": false
                },
                {
                  "title": "should match on lg with 3 50 25 25 column layout",
                  "fullTitle": "test already taken snapshot should match on lg with 3 50 25 25 column layout",
                  "timedOut": null,
                  "duration": 81,
                  "state": "failed",
                  "speed": null,
                  "pass": false,
                  "fail": true,
                  "pending": false,
                  "context": "{\n  \"title\": \"cypress-mochawesome-reporter-videos-failed\",\n  \"value\": \"cypress\\\\integration\\\\cmp\\\\test-component.ts\"\n}",
                  "code": "cy.takeSnapshot({\n    viewport: viewport,\n    element: `#column-${columnLayout}`,\n});",
                  "err": {
                    "message": "TypeError: cy.getElement(...).matchImageSnapshot is not a function",
                    "estack": "TypeError: cy.getElement(...).matchImageSnapshot is not a function\n    at Context.eval (webpack://cypress-example-e2e-snapshots/./cypress/support/commands/takeSnapshot.ts:18:0)",
                    "diff": null
                  },
                  "uuid": "a1a112e4-bc2a-4991-b468-8406115b1aaf",
                  "parentUUID": "f14dcc1c-6fd3-4d61-a8cb-929f31f5d644",
                  "isHook": false,
                  "skipped": false
                },
                {
                  "title": "should match on xl with 3 50 25 25 column layout",
                  "fullTitle": "test already taken snapshot should match on xl with 3 50 25 25 column layout",
                  "timedOut": null,
                  "duration": 70,
                  "state": "failed",
                  "speed": null,
                  "pass": false,
                  "fail": true,
                  "pending": false,
                  "context": "{\n  \"title\": \"cypress-mochawesome-reporter-videos-failed\",\n  \"value\": \"cypress\\\\integration\\\\cmp\\\\test-component.ts\"\n}",
                  "code": "cy.takeSnapshot({\n    viewport: viewport,\n    element: `#column-${columnLayout}`,\n});",
                  "err": {
                    "message": "TypeError: cy.getElement(...).matchImageSnapshot is not a function",
                    "estack": "TypeError: cy.getElement(...).matchImageSnapshot is not a function\n    at Context.eval (webpack://cypress-example-e2e-snapshots/./cypress/support/commands/takeSnapshot.ts:18:0)",
                    "diff": null
                  },
                  "uuid": "db00d096-1566-4bb7-929e-033bba0cc7b2",
                  "parentUUID": "f14dcc1c-6fd3-4d61-a8cb-929f31f5d644",
                  "isHook": false,
                  "skipped": false
                },
                {
                  "title": "should match on xxl with 3 50 25 25 column layout",
                  "fullTitle": "test already taken snapshot should match on xxl with 3 50 25 25 column layout",
                  "timedOut": null,
                  "duration": 71,
                  "state": "failed",
                  "speed": null,
                  "pass": false,
                  "fail": true,
                  "pending": false,
                  "context": "{\n  \"title\": \"cypress-mochawesome-reporter-videos-failed\",\n  \"value\": \"cypress\\\\integration\\\\cmp\\\\test-component.ts\"\n}",
                  "code": "cy.takeSnapshot({\n    viewport: viewport,\n    element: `#column-${columnLayout}`,\n});",
                  "err": {
                    "message": "TypeError: cy.getElement(...).matchImageSnapshot is not a function",
                    "estack": "TypeError: cy.getElement(...).matchImageSnapshot is not a function\n    at Context.eval (webpack://cypress-example-e2e-snapshots/./cypress/support/commands/takeSnapshot.ts:18:0)",
                    "diff": null
                  },
                  "uuid": "2f38e379-ee34-48d9-a8bb-e170dffc3b3f",
                  "parentUUID": "f14dcc1c-6fd3-4d61-a8cb-929f31f5d644",
                  "isHook": false,
                  "skipped": false
                },
                {
                  "title": "should match on xxxl with 3 50 25 25 column layout",
                  "fullTitle": "test already taken snapshot should match on xxxl with 3 50 25 25 column layout",
                  "timedOut": null,
                  "duration": 72,
                  "state": "failed",
                  "speed": null,
                  "pass": false,
                  "fail": true,
                  "pending": false,
                  "context": "{\n  \"title\": \"cypress-mochawesome-reporter-videos-failed\",\n  \"value\": \"cypress\\\\integration\\\\cmp\\\\test-component.ts\"\n}",
                  "code": "cy.takeSnapshot({\n    viewport: viewport,\n    element: `#column-${columnLayout}`,\n});",
                  "err": {
                    "message": "TypeError: cy.getElement(...).matchImageSnapshot is not a function",
                    "estack": "TypeError: cy.getElement(...).matchImageSnapshot is not a function\n    at Context.eval (webpack://cypress-example-e2e-snapshots/./cypress/support/commands/takeSnapshot.ts:18:0)",
                    "diff": null
                  },
                  "uuid": "c38adcc2-78ae-4aed-a184-5bcd9d91b101",
                  "parentUUID": "f14dcc1c-6fd3-4d61-a8cb-929f31f5d644",
                  "isHook": false,
                  "skipped": false
                },
                {
                  "title": "should match on xs with 3 25 50 25 column layout",
                  "fullTitle": "test already taken snapshot should match on xs with 3 25 50 25 column layout",
                  "timedOut": null,
                  "duration": 98,
                  "state": "failed",
                  "speed": null,
                  "pass": false,
                  "fail": true,
                  "pending": false,
                  "context": "{\n  \"title\": \"cypress-mochawesome-reporter-videos-failed\",\n  \"value\": \"cypress\\\\integration\\\\cmp\\\\test-component.ts\"\n}",
                  "code": "cy.takeSnapshot({\n    viewport: viewport,\n    element: `#column-${columnLayout}`,\n});",
                  "err": {
                    "message": "TypeError: cy.getElement(...).matchImageSnapshot is not a function",
                    "estack": "TypeError: cy.getElement(...).matchImageSnapshot is not a function\n    at Context.eval (webpack://cypress-example-e2e-snapshots/./cypress/support/commands/takeSnapshot.ts:18:0)",
                    "diff": null
                  },
                  "uuid": "5d9364a8-4b45-456d-8a31-44048aa02319",
                  "parentUUID": "f14dcc1c-6fd3-4d61-a8cb-929f31f5d644",
                  "isHook": false,
                  "skipped": false
                },
                {
                  "title": "should match on sm with 3 25 50 25 column layout",
                  "fullTitle": "test already taken snapshot should match on sm with 3 25 50 25 column layout",
                  "timedOut": null,
                  "duration": 101,
                  "state": "failed",
                  "speed": null,
                  "pass": false,
                  "fail": true,
                  "pending": false,
                  "context": "{\n  \"title\": \"cypress-mochawesome-reporter-videos-failed\",\n  \"value\": \"cypress\\\\integration\\\\cmp\\\\test-component.ts\"\n}",
                  "code": "cy.takeSnapshot({\n    viewport: viewport,\n    element: `#column-${columnLayout}`,\n});",
                  "err": {
                    "message": "TypeError: cy.getElement(...).matchImageSnapshot is not a function",
                    "estack": "TypeError: cy.getElement(...).matchImageSnapshot is not a function\n    at Context.eval (webpack://cypress-example-e2e-snapshots/./cypress/support/commands/takeSnapshot.ts:18:0)",
                    "diff": null
                  },
                  "uuid": "92686cb7-cdb0-4963-806a-97e69ff5c37c",
                  "parentUUID": "f14dcc1c-6fd3-4d61-a8cb-929f31f5d644",
                  "isHook": false,
                  "skipped": false
                },
                {
                  "title": "should match on md with 3 25 50 25 column layout",
                  "fullTitle": "test already taken snapshot should match on md with 3 25 50 25 column layout",
                  "timedOut": null,
                  "duration": 82,
                  "state": "failed",
                  "speed": null,
                  "pass": false,
                  "fail": true,
                  "pending": false,
                  "context": "{\n  \"title\": \"cypress-mochawesome-reporter-videos-failed\",\n  \"value\": \"cypress\\\\integration\\\\cmp\\\\test-component.ts\"\n}",
                  "code": "cy.takeSnapshot({\n    viewport: viewport,\n    element: `#column-${columnLayout}`,\n});",
                  "err": {
                    "message": "TypeError: cy.getElement(...).matchImageSnapshot is not a function",
                    "estack": "TypeError: cy.getElement(...).matchImageSnapshot is not a function\n    at Context.eval (webpack://cypress-example-e2e-snapshots/./cypress/support/commands/takeSnapshot.ts:18:0)",
                    "diff": null
                  },
                  "uuid": "f18b6ec6-ab67-4694-951f-1c13b37bbef1",
                  "parentUUID": "f14dcc1c-6fd3-4d61-a8cb-929f31f5d644",
                  "isHook": false,
                  "skipped": false
                },
                {
                  "title": "should match on lg with 3 25 50 25 column layout",
                  "fullTitle": "test already taken snapshot should match on lg with 3 25 50 25 column layout",
                  "timedOut": null,
                  "duration": 70,
                  "state": "failed",
                  "speed": null,
                  "pass": false,
                  "fail": true,
                  "pending": false,
                  "context": "{\n  \"title\": \"cypress-mochawesome-reporter-videos-failed\",\n  \"value\": \"cypress\\\\integration\\\\cmp\\\\test-component.ts\"\n}",
                  "code": "cy.takeSnapshot({\n    viewport: viewport,\n    element: `#column-${columnLayout}`,\n});",
                  "err": {
                    "message": "TypeError: cy.getElement(...).matchImageSnapshot is not a function",
                    "estack": "TypeError: cy.getElement(...).matchImageSnapshot is not a function\n    at Context.eval (webpack://cypress-example-e2e-snapshots/./cypress/support/commands/takeSnapshot.ts:18:0)",
                    "diff": null
                  },
                  "uuid": "705a7c94-b48b-478e-98a7-1514f7193715",
                  "parentUUID": "f14dcc1c-6fd3-4d61-a8cb-929f31f5d644",
                  "isHook": false,
                  "skipped": false
                },
                {
                  "title": "should match on xl with 3 25 50 25 column layout",
                  "fullTitle": "test already taken snapshot should match on xl with 3 25 50 25 column layout",
                  "timedOut": null,
                  "duration": 86,
                  "state": "failed",
                  "speed": null,
                  "pass": false,
                  "fail": true,
                  "pending": false,
                  "context": "{\n  \"title\": \"cypress-mochawesome-reporter-videos-failed\",\n  \"value\": \"cypress\\\\integration\\\\cmp\\\\test-component.ts\"\n}",
                  "code": "cy.takeSnapshot({\n    viewport: viewport,\n    element: `#column-${columnLayout}`,\n});",
                  "err": {
                    "message": "TypeError: cy.getElement(...).matchImageSnapshot is not a function",
                    "estack": "TypeError: cy.getElement(...).matchImageSnapshot is not a function\n    at Context.eval (webpack://cypress-example-e2e-snapshots/./cypress/support/commands/takeSnapshot.ts:18:0)",
                    "diff": null
                  },
                  "uuid": "414df2f2-28e6-4fbe-adbe-b2e2954ac22d",
                  "parentUUID": "f14dcc1c-6fd3-4d61-a8cb-929f31f5d644",
                  "isHook": false,
                  "skipped": false
                },
                {
                  "title": "should match on xxl with 3 25 50 25 column layout",
                  "fullTitle": "test already taken snapshot should match on xxl with 3 25 50 25 column layout",
                  "timedOut": null,
                  "duration": 75,
                  "state": "failed",
                  "speed": null,
                  "pass": false,
                  "fail": true,
                  "pending": false,
                  "context": "{\n  \"title\": \"cypress-mochawesome-reporter-videos-failed\",\n  \"value\": \"cypress\\\\integration\\\\cmp\\\\test-component.ts\"\n}",
                  "code": "cy.takeSnapshot({\n    viewport: viewport,\n    element: `#column-${columnLayout}`,\n});",
                  "err": {
                    "message": "TypeError: cy.getElement(...).matchImageSnapshot is not a function",
                    "estack": "TypeError: cy.getElement(...).matchImageSnapshot is not a function\n    at Context.eval (webpack://cypress-example-e2e-snapshots/./cypress/support/commands/takeSnapshot.ts:18:0)",
                    "diff": null
                  },
                  "uuid": "4bea365f-cb7b-4c37-99ad-f103f596ddb2",
                  "parentUUID": "f14dcc1c-6fd3-4d61-a8cb-929f31f5d644",
                  "isHook": false,
                  "skipped": false
                },
                {
                  "title": "should match on xxxl with 3 25 50 25 column layout",
                  "fullTitle": "test already taken snapshot should match on xxxl with 3 25 50 25 column layout",
                  "timedOut": null,
                  "duration": 73,
                  "state": "failed",
                  "speed": null,
                  "pass": false,
                  "fail": true,
                  "pending": false,
                  "context": "{\n  \"title\": \"cypress-mochawesome-reporter-videos-failed\",\n  \"value\": \"cypress\\\\integration\\\\cmp\\\\test-component.ts\"\n}",
                  "code": "cy.takeSnapshot({\n    viewport: viewport,\n    element: `#column-${columnLayout}`,\n});",
                  "err": {
                    "message": "TypeError: cy.getElement(...).matchImageSnapshot is not a function",
                    "estack": "TypeError: cy.getElement(...).matchImageSnapshot is not a function\n    at Context.eval (webpack://cypress-example-e2e-snapshots/./cypress/support/commands/takeSnapshot.ts:18:0)",
                    "diff": null
                  },
                  "uuid": "da2d9d6e-5802-4532-beee-59b752510622",
                  "parentUUID": "f14dcc1c-6fd3-4d61-a8cb-929f31f5d644",
                  "isHook": false,
                  "skipped": false
                },
                {
                  "title": "should match on xs with 3 25 25 50 column layout",
                  "fullTitle": "test already taken snapshot should match on xs with 3 25 25 50 column layout",
                  "timedOut": null,
                  "duration": 84,
                  "state": "failed",
                  "speed": null,
                  "pass": false,
                  "fail": true,
                  "pending": false,
                  "context": "{\n  \"title\": \"cypress-mochawesome-reporter-videos-failed\",\n  \"value\": \"cypress\\\\integration\\\\cmp\\\\test-component.ts\"\n}",
                  "code": "cy.takeSnapshot({\n    viewport: viewport,\n    element: `#column-${columnLayout}`,\n});",
                  "err": {
                    "message": "TypeError: cy.getElement(...).matchImageSnapshot is not a function",
                    "estack": "TypeError: cy.getElement(...).matchImageSnapshot is not a function\n    at Context.eval (webpack://cypress-example-e2e-snapshots/./cypress/support/commands/takeSnapshot.ts:18:0)",
                    "diff": null
                  },
                  "uuid": "046dc021-c463-494f-98fa-701f185fb680",
                  "parentUUID": "f14dcc1c-6fd3-4d61-a8cb-929f31f5d644",
                  "isHook": false,
                  "skipped": false
                },
                {
                  "title": "should match on sm with 3 25 25 50 column layout",
                  "fullTitle": "test already taken snapshot should match on sm with 3 25 25 50 column layout",
                  "timedOut": null,
                  "duration": 91,
                  "state": "failed",
                  "speed": null,
                  "pass": false,
                  "fail": true,
                  "pending": false,
                  "context": "{\n  \"title\": \"cypress-mochawesome-reporter-videos-failed\",\n  \"value\": \"cypress\\\\integration\\\\cmp\\\\test-component.ts\"\n}",
                  "code": "cy.takeSnapshot({\n    viewport: viewport,\n    element: `#column-${columnLayout}`,\n});",
                  "err": {
                    "message": "TypeError: cy.getElement(...).matchImageSnapshot is not a function",
                    "estack": "TypeError: cy.getElement(...).matchImageSnapshot is not a function\n    at Context.eval (webpack://cypress-example-e2e-snapshots/./cypress/support/commands/takeSnapshot.ts:18:0)",
                    "diff": null
                  },
                  "uuid": "ec7904e6-5125-4e2d-ba08-eb5ad3df58b9",
                  "parentUUID": "f14dcc1c-6fd3-4d61-a8cb-929f31f5d644",
                  "isHook": false,
                  "skipped": false
                },
                {
                  "title": "should match on md with 3 25 25 50 column layout",
                  "fullTitle": "test already taken snapshot should match on md with 3 25 25 50 column layout",
[...]
                  "err": {
                    "message": "TypeError: cy.getElement(...).matchImageSnapshot is not a function",
                    "estack": "TypeError: cy.getElement(...).matchImageSnapshot is not a function\n    at Context.eval (webpack://cypress-example-e2e-snapshots/./cypress/support/commands/takeSnapshot.ts:18:0)",
                    "diff": null
                  },
                  "uuid": "87cb54c3-b6c8-4337-93c7-c8df10d60f4b",
                  "parentUUID": "f14dcc1c-6fd3-4d61-a8cb-929f31f5d644",
                  "isHook": false,
                  "skipped": false
                },
                {
                  "title": "should match on xl with 4 extra large column layout",
                  "fullTitle": "test already taken snapshot should match on xl with 4 extra large column layout",
                  "timedOut": null,
                  "duration": 122,
                  "state": "failed",
                  "speed": null,
                  "pass": false,
                  "fail": true,
                  "pending": false,
                  "context": "{\n  \"title\": \"cypress-mochawesome-reporter-videos-failed\",\n  \"value\": \"cypress\\\\integration\\\\cmp\\\\test-component.ts\"\n}",
                  "code": "cy.takeSnapshot({\n    viewport: viewport,\n    element: `#column-${columnLayout}`,\n});",
                  "err": {
                    "message": "TypeError: cy.getElement(...).matchImageSnapshot is not a function",
                    "estack": "TypeError: cy.getElement(...).matchImageSnapshot is not a function\n    at Context.eval (webpack://cypress-example-e2e-snapshots/./cypress/support/commands/takeSnapshot.ts:18:0)",
                    "diff": null
                  },
                  "uuid": "fbbbad12-c20a-4d29-afdd-a7d45cef2a33",
                  "parentUUID": "f14dcc1c-6fd3-4d61-a8cb-929f31f5d644",
                  "isHook": false,
                  "skipped": false
                },
                {
                  "title": "should match on xxl with 4 extra large column layout",
                  "fullTitle": "test already taken snapshot should match on xxl with 4 extra large column layout",
                  "timedOut": null,
                  "duration": 95,
                  "state": "failed",
                  "speed": null,
                  "pass": false,
                  "fail": true,
                  "pending": false,
                  "context": "{\n  \"title\": \"cypress-mochawesome-reporter-videos-failed\",\n  \"value\": \"cypress\\\\integration\\\\cmp\\\\test-component.ts\"\n}",
                  "code": "cy.takeSnapshot({\n    viewport: viewport,\n    element: `#column-${columnLayout}`,\n});",
                  "err": {
                    "message": "TypeError: cy.getElement(...).matchImageSnapshot is not a function",
                    "estack": "TypeError: cy.getElement(...).matchImageSnapshot is not a function\n    at Context.eval (webpack://cypress-example-e2e-snapshots/./cypress/support/commands/takeSnapshot.ts:18:0)",
                    "diff": null
                  },
                  "uuid": "deed5b9c-4220-464d-8d24-2a10ca249499",
                  "parentUUID": "f14dcc1c-6fd3-4d61-a8cb-929f31f5d644",
                  "isHook": false,
                  "skipped": false
                },
                {
                  "title": "should match on xxxl with 4 extra large column layout",
                  "fullTitle": "test already taken snapshot should match on xxxl with 4 extra large column layout",
                  "timedOut": null,
                  "duration": 87,
                  "state": "failed",
                  "speed": null,
                  "pass": false,
                  "fail": true,
                  "pending": false,
                  "context": "{\n  \"title\": \"cypress-mochawesome-reporter-videos-failed\",\n  \"value\": \"cypress\\\\integration\\\\cmp\\\\test-component.ts\"\n}",
                  "code": "cy.takeSnapshot({\n    viewport: viewport,\n    element: `#column-${columnLayout}`,\n});",
                  "err": {
                    "message": "TypeError: cy.getElement(...).matchImageSnapshot is not a function",
                    "estack": "TypeError: cy.getElement(...).matchImageSnapshot is not a function\n    at Context.eval (webpack://cypress-example-e2e-snapshots/./cypress/support/commands/takeSnapshot.ts:18:0)",
                    "diff": null
                  },
                  "uuid": "a8f13ef3-9204-4974-8203-f2337562529a",
                  "parentUUID": "f14dcc1c-6fd3-4d61-a8cb-929f31f5d644",
                  "isHook": false,
                  "skipped": false
                },
                {
                  "title": "should match on xs with 4 large gap column layout",
                  "fullTitle": "test already taken snapshot should match on xs with 4 large gap column layout",
                  "timedOut": null,
                  "duration": 115,
                  "state": "failed",
                  "speed": null,
                  "pass": false,
                  "fail": true,
                  "pending": false,
                  "context": "{\n  \"title\": \"cypress-mochawesome-reporter-videos-failed\",\n  \"value\": \"cypress\\\\integration\\\\cmp\\\\test-component.ts\"\n}",
                  "code": "cy.takeSnapshot({\n    viewport: viewport,\n    element: `#column-${columnLayout}`,\n});",
                  "err": {
                    "message": "TypeError: cy.getElement(...).matchImageSnapshot is not a function",
                    "estack": "TypeError: cy.getElement(...).matchImageSnapshot is not a function\n    at Context.eval (webpack://cypress-example-e2e-snapshots/./cypress/support/commands/takeSnapshot.ts:18:0)",
                    "diff": null
                  },
                  "uuid": "222197a0-0548-4804-ad55-5d417a999d46",
                  "parentUUID": "f14dcc1c-6fd3-4d61-a8cb-929f31f5d644",
                  "isHook": false,
                  "skipped": false
                },
                {
                  "title": "should match on sm with 4 large gap column layout",
                  "fullTitle": "test already taken snapshot should match on sm with 4 large gap column layout",
                  "timedOut": null,
                  "duration": 92,
                  "state": "failed",
                  "speed": null,
                  "pass": false,
                  "fail": true,
                  "pending": false,
                  "context": "{\n  \"title\": \"cypress-mochawesome-reporter-videos-failed\",\n  \"value\": \"cypress\\\\integration\\\\cmp\\\\test-component.ts\"\n}",
                  "code": "cy.takeSnapshot({\n    viewport: viewport,\n    element: `#column-${columnLayout}`,\n});",
                  "err": {
                    "message": "TypeError: cy.getElement(...).matchImageSnapshot is not a function",
                    "estack": "TypeError: cy.getElement(...).matchImageSnapshot is not a function\n    at Context.eval (webpack://cypress-example-e2e-snapshots/./cypress/support/commands/takeSnapshot.ts:18:0)",
                    "diff": null
                  },
                  "uuid": "bd6639a2-a67c-4c66-a83f-efae9786b870",
                  "parentUUID": "f14dcc1c-6fd3-4d61-a8cb-929f31f5d644",
                  "isHook": false,
                  "skipped": false
                },
                {
                  "title": "should match on md with 4 large gap column layout",
                  "fullTitle": "test already taken snapshot should match on md with 4 large gap column layout",
                  "timedOut": null,
                  "duration": 95,
                  "state": "failed",
                  "speed": null,
                  "pass": false,
                  "fail": true,
                  "pending": false,
                  "context": "{\n  \"title\": \"cypress-mochawesome-reporter-videos-failed\",\n  \"value\": \"cypress\\\\integration\\\\cmp\\\\test-component.ts\"\n}",
                  "code": "cy.takeSnapshot({\n    viewport: viewport,\n    element: `#column-${columnLayout}`,\n});",
                  "err": {
                    "message": "TypeError: cy.getElement(...).matchImageSnapshot is not a function",
                    "estack": "TypeError: cy.getElement(...).matchImageSnapshot is not a function\n    at Context.eval (webpack://cypress-example-e2e-snapshots/./cypress/support/commands/takeSnapshot.ts:18:0)",
                    "diff": null
                  },
                  "uuid": "6a40113c-4dd5-4818-946e-a43bda944d97",
                  "parentUUID": "f14dcc1c-6fd3-4d61-a8cb-929f31f5d644",
                  "isHook": false,
                  "skipped": false
                },
                {
                  "title": "should match on lg with 4 large gap column layout",
                  "fullTitle": "test already taken snapshot should match on lg with 4 large gap column layout",
                  "timedOut": null,
                  "duration": 83,
                  "state": "failed",
                  "speed": null,
                  "pass": false,
                  "fail": true,
                  "pending": false,
                  "context": "{\n  \"title\": \"cypress-mochawesome-reporter-videos-failed\",\n  \"value\": \"cypress\\\\integration\\\\cmp\\\\test-component.ts\"\n}",
                  "code": "cy.takeSnapshot({\n    viewport: viewport,\n    element: `#column-${columnLayout}`,\n});",
                  "err": {
                    "message": "TypeError: cy.getElement(...).matchImageSnapshot is not a function",
                    "estack": "TypeError: cy.getElement(...).matchImageSnapshot is not a function\n    at Context.eval (webpack://cypress-example-e2e-snapshots/./cypress/support/commands/takeSnapshot.ts:18:0)",
                    "diff": null
                  },
                  "uuid": "8ea11045-b994-43db-ab48-299be4a6b0e8",
                  "parentUUID": "f14dcc1c-6fd3-4d61-a8cb-929f31f5d644",
                  "isHook": false,
                  "skipped": false
                },
                {
                  "title": "should match on xl with 4 large gap column layout",
                  "fullTitle": "test already taken snapshot should match on xl with 4 large gap column layout",
                  "timedOut": null,
                  "duration": 105,
                  "state": "failed",
                  "speed": null,
                  "pass": false,
                  "fail": true,
                  "pending": false,
                  "context": "{\n  \"title\": \"cypress-mochawesome-reporter-videos-failed\",\n  \"value\": \"cypress\\\\integration\\\\cmp\\\\test-component.ts\"\n}",
                  "code": "cy.takeSnapshot({\n    viewport: viewport,\n    element: `#column-${columnLayout}`,\n});",
                  "err": {
                    "message": "TypeError: cy.getElement(...).matchImageSnapshot is not a function",
                    "estack": "TypeError: cy.getElement(...).matchImageSnapshot is not a function\n    at Context.eval (webpack://cypress-example-e2e-snapshots/./cypress/support/commands/takeSnapshot.ts:18:0)",
                    "diff": null
                  },
                  "uuid": "83128931-4663-47a8-b0da-e84b1fccb1b0",
                  "parentUUID": "f14dcc1c-6fd3-4d61-a8cb-929f31f5d644",
                  "isHook": false,
                  "skipped": false
                },
                {
                  "title": "should match on xxl with 4 large gap column layout",
                  "fullTitle": "test already taken snapshot should match on xxl with 4 large gap column layout",
                  "timedOut": null,
                  "duration": 92,
                  "state": "failed",
                  "speed": null,
                  "pass": false,
                  "fail": true,
                  "pending": false,
                  "context": "{\n  \"title\": \"cypress-mochawesome-reporter-videos-failed\",\n  \"value\": \"cypress\\\\integration\\\\cmp\\\\test-component.ts\"\n}",
                  "code": "cy.takeSnapshot({\n    viewport: viewport,\n    element: `#column-${columnLayout}`,\n});",
                  "err": {
                    "message": "TypeError: cy.getElement(...).matchImageSnapshot is not a function",
                    "estack": "TypeError: cy.getElement(...).matchImageSnapshot is not a function\n    at Context.eval (webpack://cypress-example-e2e-snapshots/./cypress/support/commands/takeSnapshot.ts:18:0)",
                    "diff": null
                  },
                  "uuid": "adb59cbd-11da-431d-871f-c030d3cb1050",
                  "parentUUID": "f14dcc1c-6fd3-4d61-a8cb-929f31f5d644",
                  "isHook": false,
                  "skipped": false
                },
                {
                  "title": "should match on xxxl with 4 large gap column layout",
                  "fullTitle": "test already taken snapshot should match on xxxl with 4 large gap column layout",
                  "timedOut": null,
                  "duration": 103,
                  "state": "failed",
                  "speed": null,
                  "pass": false,
                  "fail": true,
                  "pending": false,
                  "context": "{\n  \"title\": \"cypress-mochawesome-reporter-videos-failed\",\n  \"value\": \"cypress\\\\integration\\\\cmp\\\\test-component.ts\"\n}",
                  "code": "cy.takeSnapshot({\n    viewport: viewport,\n    element: `#column-${columnLayout}`,\n});",
                  "err": {
                    "message": "TypeError: cy.getElement(...).matchImageSnapshot is not a function",
                    "estack": "TypeError: cy.getElement(...).matchImageSnapshot is not a function\n    at Context.eval (webpack://cypress-example-e2e-snapshots/./cypress/support/commands/takeSnapshot.ts:18:0)",
                    "diff": null
                  },
                  "uuid": "adbdd7e9-5832-44e6-8756-1217247487cf",
                  "parentUUID": "f14dcc1c-6fd3-4d61-a8cb-929f31f5d644",
                  "isHook": false,
                  "skipped": false
                }
              ],
              "suites": [],
              "passes": [],
              "failures": [
                "8b19e686-d433-4d0d-a636-4b5d2922b64a",
                "d0e6b43e-83e6-42cd-b805-d343eef53f08",
                "f648a1ee-1dc2-4b12-b3a5-213a167d5da0",
                "c3315428-ede3-4366-8012-6a92ef869202",
                "8537e69b-8a53-454a-b852-20455f6ea909",
                "77aac985-1bb9-4a69-bece-087bd4bfaf91",
                "95677d34-e5c5-4a93-b0b3-1dac0c383a3b",
                "48db563d-d439-44c0-9bb5-27a3bf0e28d0",
                "5aa36721-77fb-4942-9a5f-0b5f1c253bb9",
                "32885bce-27fa-413c-9cb8-42e8e8385ef0",
                "9ed5287d-80e0-4a08-a407-4f4591141215",
                "37990dfe-6fa7-41db-abd4-6c7408c243c9",
                "b8b63b38-7e0a-4cee-b854-ed57a1434994",
                "02631f93-5def-4ac3-b5af-000e37eb9032",
                "5ca09273-f2f9-4614-8094-a2490b1e2332",
                "36ccf565-6597-4e47-bd2a-aed36c0fee3b",
                "801139ec-e3e8-4ab9-96be-d16207801a98",
                "70208eaf-2dcf-4e48-a0fd-8deed4e78d42",
                "7535391b-212e-494f-b4c4-7fdbb4c63b6f",
                "efa78c8b-14c2-470e-b8b0-80f25f7f7821",
                "33b9508e-cc64-4129-a8a8-067003a6b2fb",
                "07047231-182c-4473-8fc7-1492cd129283",
                "7cd3fd07-e475-4cec-9bfb-ad7d9a0411fc",
                "08ade614-4e6b-40a5-956a-19d644cab408",
                "03d10323-4a7e-47dc-ab15-99ca7fc1f742",
                "9d1a2fe1-23e3-4436-b51a-3ea0e1f60369",
                "64075046-3bf2-4111-ae98-9d71d5108f19",
                "58319dc8-e7df-4275-b72d-9928c11d105f",
                "cbdc4298-ca67-4c38-bbcb-cb23e0f5380c",
                "5990f1b9-4bc9-41b7-bcd8-3b6fb21de38c",
                "82c8c339-e22f-4f23-957e-fb3842d2c0dc",
                "c5aec76f-6ef1-4591-a811-f54e31602a53",
                "c8d14051-db43-4e2a-8fb0-b4d7f588d496",
                "1fbc8211-d008-4e75-8063-389572678e52",
                "37bea707-124e-454f-b74e-8b599f278829",
                "a02bb97b-eec1-4683-88e7-7420473814fa",
                "cae36089-d9a2-47f5-ad2f-6f07398acfb9",
                "9bb27133-889b-49b4-87a5-80ca16b2b659",
                "5c0dceb6-8372-4209-89bb-000edae762fd",
                "40204edd-0e0b-4384-b113-3725c228f2a8",
                "f0c96527-e950-48c0-ad4c-c6923e0ab7e4",
                "c323db79-3f8e-43c7-ac2f-fbe2e4ceaa06",
                "b659d87f-2c98-45cd-877b-844a5b54842d",
                "891682df-9420-4d0c-a56f-13a25fd20524",
                "e26c45cd-f1f7-4952-b580-a5f4f00cd85d",
                "a1a112e4-bc2a-4991-b468-8406115b1aaf",
                "db00d096-1566-4bb7-929e-033bba0cc7b2",
                "2f38e379-ee34-48d9-a8bb-e170dffc3b3f",
                "c38adcc2-78ae-4aed-a184-5bcd9d91b101",
                "5d9364a8-4b45-456d-8a31-44048aa02319",
                "92686cb7-cdb0-4963-806a-97e69ff5c37c",
                "f18b6ec6-ab67-4694-951f-1c13b37bbef1",
                "705a7c94-b48b-478e-98a7-1514f7193715",
                "414df2f2-28e6-4fbe-adbe-b2e2954ac22d",
                "4bea365f-cb7b-4c37-99ad-f103f596ddb2",
                "da2d9d6e-5802-4532-beee-59b752510622",
                "046dc021-c463-494f-98fa-701f185fb680",
                "ec7904e6-5125-4e2d-ba08-eb5ad3df58b9",
                "88d5a9bc-3efb-4ca0-bc04-74549eb253dc",
                "9503369e-78e9-4ced-86c6-768a540df966",
                "9771570f-68f7-4169-b084-3acb5d6fc49c",
                "6c1d460f-bd87-4262-b359-9724112d1302",
                "b6560502-0de1-4cc8-a52b-40a7ec3fc870",
                "a9236e22-f456-42d0-afbb-9690ec87c60c",
                "02347faf-8a76-41d0-8e5a-863143debf9e",
                "76b40588-eba6-44ce-8116-9e0183a0e1ce",
                "87cb54c3-b6c8-4337-93c7-c8df10d60f4b",
                "fbbbad12-c20a-4d29-afdd-a7d45cef2a33",
                "deed5b9c-4220-464d-8d24-2a10ca249499",
                "a8f13ef3-9204-4974-8203-f2337562529a",
                "222197a0-0548-4804-ad55-5d417a999d46",
                "bd6639a2-a67c-4c66-a83f-efae9786b870",
                "6a40113c-4dd5-4818-946e-a43bda944d97",
                "8ea11045-b994-43db-ab48-299be4a6b0e8",
                "83128931-4663-47a8-b0da-e84b1fccb1b0",
                "adb59cbd-11da-431d-871f-c030d3cb1050",
                "adbdd7e9-5832-44e6-8756-1217247487cf"
              ],
              "pending": [],
              "skipped": [],
              "duration": 5732,
              "root": false,
              "rootEmpty": false,
              "_timeout": 2000
            }
          ],
          "passes": [],
          "failures": [],
          "pending": [],
          "skipped": [],
          "duration": 0,
          "root": false,
          "rootEmpty": false,
          "_timeout": 2000
        }
      ],
      "passes": [],
      "failures": [],
      "pending": [],
      "skipped": [],
      "duration": 0,
      "root": true,
      "rootEmpty": true,
      "_timeout": 2000
    }
  ],
  "meta": {
    "mocha": {
      "version": "7.0.1"
    },
    "mochawesome": {
      "options": {
        "quiet": false,
        "reportFilename": "mochawesome",
        "saveHtml": false,
        "saveJson": true,
        "consoleReporter": "spec",
        "useInlineDiffs": false,
        "code": true
      },
      "version": "7.1.3"
    },
    "marge": {
      "options": {
        "id": "default",
        "useInlineDiffs": true,
        "embeddedScreenshots": true,
        "reportDir": "cypress/reports/mocha",
        "quite": true,
        "overwrite": false,
        "html": false,
        "json": true
      },
      "version": "6.2.0"
    }
  }
}