{
  "stats": {
    "suites": 2,
    "tests": 7,
    "passes": 7,
    "pending": 0,
    "failures": 0,
    "start": "2024-07-11T19:16:05.298Z",
    "end": "2024-07-11T19:16:18.270Z",
    "duration": 12972,
    "testsRegistered": 7,
    "passPercent": 100,
    "pendingPercent": 0,
    "other": 0,
    "hasOther": false,
    "skipped": 0,
    "hasSkipped": false
  },
  "results": [
    {
      "uuid": "4f1cced7-83cd-4a30-b720-a096a6a32e41",
      "title": "",
      "fullFile": "cypress\\integration\\cmp\\test-component.ts",
      "file": "cypress\\integration\\cmp\\test-component.ts",
      "beforeHooks": [],
      "afterHooks": [],
      "tests": [],
      "suites": [
        {
          "uuid": "6de4c8bb-f36b-46c7-b564-a3396bfa6adf",
          "title": "test",
          "fullFile": "",
          "file": "",
          "beforeHooks": [],
          "afterHooks": [],
          "tests": [],
          "suites": [
            {
              "uuid": "9e062553-f720-4d21-8b7c-f0cd360e0938",
              "title": "already taken snapshot",
              "fullFile": "",
              "file": "",
              "beforeHooks": [],
              "afterHooks": [],
              "tests": [
                {
                  "title": "snapshot 2 25 75 column layout",
                  "fullTitle": "test already taken snapshot snapshot 2 25 75 column layout",
                  "timedOut": null,
                  "duration": 2005,
                  "state": "passed",
                  "speed": "fast",
                  "pass": true,
                  "fail": false,
                  "pending": false,
                  "context": "[\n  {\n    \"title\": \"cypress-mochawesome-reporter-videos-passed\",\n    \"value\": \"cypress\\\\integration\\\\cmp\\\\test-component.ts\"\n  },\n  {\n    \"title\": \"cypress-mochawesome-reporter-screenshots\",\n    \"value\": [\n      [\n        \"\\\\test-component.ts\\\\should match on xs with 2 25 75 column layout.png\"\n      ]\n    ]\n  }\n]",
                  "code": "cy.setViewport(viewport).then(() => {\n    cy.get(`#column-${columnLayout}`).scrollIntoView();\n    cy.wait(1000);\n    cy.get(`#column-${columnLayout}`).screenshot(`should match on ${viewport} with ${column} column layout`);\n});",
                  "err": {},
                  "uuid": "64a6ce69-6400-4616-bbe4-d21581e2d1ce",
                  "parentUUID": "9e062553-f720-4d21-8b7c-f0cd360e0938",
                  "isHook": false,
                  "skipped": false
                },
                {
                  "title": "snapshot 2 25 75 column layout",
                  "fullTitle": "test already taken snapshot snapshot 2 25 75 column layout",
                  "timedOut": null,
                  "duration": 1358,
                  "state": "passed",
                  "speed": "fast",
                  "pass": true,
                  "fail": false,
                  "pending": false,
                  "context": "[\n  {\n    \"title\": \"cypress-mochawesome-reporter-videos-passed\",\n    \"value\": \"cypress\\\\integration\\\\cmp\\\\test-component.ts\"\n  },\n  {\n    \"title\": \"cypress-mochawesome-reporter-screenshots\",\n    \"value\": [\n      [\n        \"\\\\test-component.ts\\\\should match on sm with 2 25 75 column layout.png\"\n      ]\n    ]\n  }\n]",
                  "code": "cy.setViewport(viewport).then(() => {\n    cy.get(`#column-${columnLayout}`).scrollIntoView();\n    cy.wait(1000);\n    cy.get(`#column-${columnLayout}`).screenshot(`should match on ${viewport} with ${column} column layout`);\n});",
                  "err": {},
                  "uuid": "07cf6108-7d36-4c89-8671-641905157c4b",
                  "parentUUID": "9e062553-f720-4d21-8b7c-f0cd360e0938",
                  "isHook": false,
                  "skipped": false
                },
                {
                  "title": "snapshot 2 25 75 column layout",
                  "fullTitle": "test already taken snapshot snapshot 2 25 75 column layout",
                  "timedOut": null,
                  "duration": 1475,
                  "state": "passed",
                  "speed": "fast",
                  "pass": true,
                  "fail": false,
                  "pending": false,
                  "context": "[\n  {\n    \"title\": \"cypress-mochawesome-reporter-videos-passed\",\n    \"value\": \"cypress\\\\integration\\\\cmp\\\\test-component.ts\"\n  },\n  {\n    \"title\": \"cypress-mochawesome-reporter-screenshots\",\n    \"value\": [\n      [\n        \"\\\\test-component.ts\\\\should match on md with 2 25 75 column layout.png\"\n      ]\n    ]\n  }\n]",
                  "code": "cy.setViewport(viewport).then(() => {\n    cy.get(`#column-${columnLayout}`).scrollIntoView();\n    cy.wait(1000);\n    cy.get(`#column-${columnLayout}`).screenshot(`should match on ${viewport} with ${column} column layout`);\n});",
                  "err": {},
                  "uuid": "2ee27bfd-f4db-4e84-b02e-32d3b701f331",
                  "parentUUID": "9e062553-f720-4d21-8b7c-f0cd360e0938",
                  "isHook": false,
                  "skipped": false
                },
                {
                  "title": "snapshot 2 25 75 column layout",
                  "fullTitle": "test already taken snapshot snapshot 2 25 75 column layout",
                  "timedOut": null,
                  "duration": 1528,
                  "state": "passed",
                  "speed": "fast",
                  "pass": true,
                  "fail": false,
                  "pending": false,
                  "context": "[\n  {\n    \"title\": \"cypress-mochawesome-reporter-videos-passed\",\n    \"value\": \"cypress\\\\integration\\\\cmp\\\\test-component.ts\"\n  },\n  {\n    \"title\": \"cypress-mochawesome-reporter-screenshots\",\n    \"value\": [\n      [\n        \"\\\\test-component.ts\\\\should match on lg with 2 25 75 column layout.png\"\n      ]\n    ]\n  }\n]",
                  "code": "cy.setViewport(viewport).then(() => {\n    cy.get(`#column-${columnLayout}`).scrollIntoView();\n    cy.wait(1000);\n    cy.get(`#column-${columnLayout}`).screenshot(`should match on ${viewport} with ${column} column layout`);\n});",
                  "err": {},
                  "uuid": "983cfc15-a07b-444b-b449-e3db31ae6145",
                  "parentUUID": "9e062553-f720-4d21-8b7c-f0cd360e0938",
                  "isHook": false,
                  "skipped": false
                },
                {
                  "title": "snapshot 2 25 75 column layout",
                  "fullTitle": "test already taken snapshot snapshot 2 25 75 column layout",
                  "timedOut": null,
                  "duration": 1701,
                  "state": "passed",
                  "speed": "fast",
                  "pass": true,
                  "fail": false,
                  "pending": false,
                  "context": "[\n  {\n    \"title\": \"cypress-mochawesome-reporter-videos-passed\",\n    \"value\": \"cypress\\\\integration\\\\cmp\\\\test-component.ts\"\n  },\n  {\n    \"title\": \"cypress-mochawesome-reporter-screenshots\",\n    \"value\": [\n      [\n        \"\\\\test-component.ts\\\\should match on xl with 2 25 75 column layout.png\"\n      ]\n    ]\n  }\n]",
                  "code": "cy.setViewport(viewport).then(() => {\n    cy.get(`#column-${columnLayout}`).scrollIntoView();\n    cy.wait(1000);\n    cy.get(`#column-${columnLayout}`).screenshot(`should match on ${viewport} with ${column} column layout`);\n});",
                  "err": {},
                  "uuid": "4eb031c9-de22-4113-8a37-9e436843032b",
                  "parentUUID": "9e062553-f720-4d21-8b7c-f0cd360e0938",
                  "isHook": false,
                  "skipped": false
                },
                {
                  "title": "snapshot 2 25 75 column layout",
                  "fullTitle": "test already taken snapshot snapshot 2 25 75 column layout",
                  "timedOut": null,
                  "duration": 1440,
                  "state": "passed",
                  "speed": "fast",
                  "pass": true,
                  "fail": false,
                  "pending": false,
                  "context": "[\n  {\n    \"title\": \"cypress-mochawesome-reporter-videos-passed\",\n    \"value\": \"cypress\\\\integration\\\\cmp\\\\test-component.ts\"\n  },\n  {\n    \"title\": \"cypress-mochawesome-reporter-screenshots\",\n    \"value\": [\n      [\n        \"\\\\test-component.ts\\\\should match on xxl with 2 25 75 column layout.png\"\n      ]\n    ]\n  }\n]",
                  "code": "cy.setViewport(viewport).then(() => {\n    cy.get(`#column-${columnLayout}`).scrollIntoView();\n    cy.wait(1000);\n    cy.get(`#column-${columnLayout}`).screenshot(`should match on ${viewport} with ${column} column layout`);\n});",
                  "err": {},
                  "uuid": "c923ade4-ac25-474c-9454-acdc122c388e",
                  "parentUUID": "9e062553-f720-4d21-8b7c-f0cd360e0938",
                  "isHook": false,
                  "skipped": false
                },
                {
                  "title": "snapshot 2 25 75 column layout",
                  "fullTitle": "test already taken snapshot snapshot 2 25 75 column layout",
                  "timedOut": null,
                  "duration": 1668,
                  "state": "passed",
                  "speed": "fast",
                  "pass": true,
                  "fail": false,
                  "pending": false,
                  "context": "[\n  {\n    \"title\": \"cypress-mochawesome-reporter-videos-passed\",\n    \"value\": \"cypress\\\\integration\\\\cmp\\\\test-component.ts\"\n  },\n  {\n    \"title\": \"cypress-mochawesome-reporter-screenshots\",\n    \"value\": [\n      [\n        \"\\\\test-component.ts\\\\should match on xxxl with 2 25 75 column layout.png\"\n      ]\n    ]\n  }\n]",
                  "code": "cy.setViewport(viewport).then(() => {\n    cy.get(`#column-${columnLayout}`).scrollIntoView();\n    cy.wait(1000);\n    cy.get(`#column-${columnLayout}`).screenshot(`should match on ${viewport} with ${column} column layout`);\n});",
                  "err": {},
                  "uuid": "c551b971-e448-42aa-a58f-e6e29c62fda8",
                  "parentUUID": "9e062553-f720-4d21-8b7c-f0cd360e0938",
                  "isHook": false,
                  "skipped": false
                }
              ],
              "suites": [],
              "passes": [
                "64a6ce69-6400-4616-bbe4-d21581e2d1ce",
                "07cf6108-7d36-4c89-8671-641905157c4b",
                "2ee27bfd-f4db-4e84-b02e-32d3b701f331",
                "983cfc15-a07b-444b-b449-e3db31ae6145",
                "4eb031c9-de22-4113-8a37-9e436843032b",
                "c923ade4-ac25-474c-9454-acdc122c388e",
                "c551b971-e448-42aa-a58f-e6e29c62fda8"
              ],
              "failures": [],
              "pending": [],
              "skipped": [],
              "duration": 11175,
              "root": false,
              "rootEmpty": false,
              "_timeout": 2000
            }
          ],
          "passes": [],
          "failures": [],
          "pending": [],
          "skipped": [],
          "duration": 0,
          "root": false,
          "rootEmpty": false,
          "_timeout": 2000
        }
      ],
      "passes": [],
      "failures": [],
      "pending": [],
      "skipped": [],
      "duration": 0,
      "root": true,
      "rootEmpty": true,
      "_timeout": 2000
    }
  ],
  "meta": {
    "mocha": {
      "version": "7.0.1"
    },
    "mochawesome": {
      "options": {
        "quiet": false,
        "reportFilename": "mochawesome",
        "saveHtml": false,
        "saveJson": true,
        "consoleReporter": "spec",
        "useInlineDiffs": false,
        "code": true
      },
      "version": "7.1.3"
    },
    "marge": {
      "options": {
        "id": "default",
        "useInlineDiffs": true,
        "embeddedScreenshots": true,
        "reportDir": "cypress/reports/mocha",
        "quite": true,
        "overwrite": false,
        "html": false,
        "json": true
      },
      "version": "6.2.0"
    }
  }
}