{
  "stats": {
    "suites": 2,
    "tests": 7,
    "passes": 0,
    "pending": 0,
    "failures": 7,
    "start": "2024-07-11T19:34:38.286Z",
    "end": "2024-07-11T19:34:40.456Z",
    "duration": 2170,
    "testsRegistered": 7,
    "passPercent": 0,
    "pendingPercent": 0,
    "other": 0,
    "hasOther": false,
    "skipped": 0,
    "hasSkipped": false
  },
  "results": [
    {
      "uuid": "f8476fa5-db78-451f-996e-311642a90007",
      "title": "",
      "fullFile": "cypress\\integration\\cmp\\test-component.ts",
      "file": "cypress\\integration\\cmp\\test-component.ts",
      "beforeHooks": [],
      "afterHooks": [],
      "tests": [],
      "suites": [
        {
          "uuid": "802ac854-c420-4174-b864-e1139c4e0253",
          "title": "Toyota - DEV - Firefox - test",
          "fullFile": "",
          "file": "",
          "beforeHooks": [],
          "afterHooks": [],
          "tests": [],
          "suites": [
            {
              "uuid": "df3c247e-aba1-414c-800d-24b20cfba2b3",
              "title": "already taken snapshot",
              "fullFile": "",
              "file": "",
              "beforeHooks": [],
              "afterHooks": [],
              "tests": [
                {
                  "title": "should match on xs with 2 25 75 column layout",
                  "fullTitle": "Toyota - DEV - Firefox - test already taken snapshot should match on xs with 2 25 75 column layout",
                  "timedOut": null,
                  "duration": 517,
                  "state": "failed",
                  "speed": null,
                  "pass": false,
                  "fail": true,
                  "pending": false,
                  "context": "{\n  \"title\": \"cypress-mochawesome-reporter-videos-failed\",\n  \"value\": \"cypress\\\\integration\\\\cmp\\\\test-component.ts\"\n}",
                  "code": "cy.takeSnapshot({\n    viewport: viewport,\n    element: `#column-${columnLayout}`,\n});",
                  "err": {
                    "message": "TypeError: cy.getElement(...).matchImageSnapshot is not a function",
                    "estack": "TypeError: cy.getElement(...).matchImageSnapshot is not a function\nat ./cypress/support/commands/takeSnapshot.ts/ (webpack://cypress-example-e2e-snapshots/./cypress/support/commands/takeSnapshot.ts:16:0)\nat getRet (https://basic-site-theta.vercel.app/__cypress/runner/cypress_runner.js:118808:20)\nat tryCatcher (https://basic-site-theta.vercel.app/__cypress/runner/cypress_runner.js:1807:23)\nat __webpack_modules__</module.exports/Promise.try (https://basic-site-theta.vercel.app/__cypress/runner/cypress_runner.js:4315:29)\nat thenFn (https://basic-site-theta.vercel.app/__cypress/runner/cypress_runner.js:118819:60)\nat then (https://basic-site-theta.vercel.app/__cypress/runner/cypress_runner.js:119070:21)\nat wrapped (https://basic-site-theta.vercel.app/__cypress/runner/cypress_runner.js:138021:19)\nat __webpack_modules__</runCommand (https://basic-site-theta.vercel.app/__cypress/runner/cypress_runner.js:143935:15)\nat tryCatcher (https://basic-site-theta.vercel.app/__cypress/runner/cypress_runner.js:1807:23)\nat __webpack_modules__</module.exports/Promise.prototype._settlePromiseFromHandler (https://basic-site-theta.vercel.app/__cypress/runner/cypress_runner.js:1519:31)\nat __webpack_modules__</module.exports/Promise.prototype._settlePromise (https://basic-site-theta.vercel.app/__cypress/runner/cypress_runner.js:1576:18)\nat __webpack_modules__</module.exports/Promise.prototype._settlePromiseCtx (https://basic-site-theta.vercel.app/__cypress/runner/cypress_runner.js:1613:10)\nat _drainQueueStep (https://basic-site-theta.vercel.app/__cypress/runner/cypress_runner.js:2411:12)\nat _drainQueue (https://basic-site-theta.vercel.app/__cypress/runner/cypress_runner.js:2400:24)\nat __webpack_modules__</Async.prototype._drainQueues (https://basic-site-theta.vercel.app/__cypress/runner/cypress_runner.js:2416:16)\nat __webpack_modules__</Async/this.drainQueues (https://basic-site-theta.vercel.app/__cypress/runner/cypress_runner.js:2286:14)",
                    "diff": null
                  },
                  "uuid": "2546b642-4cec-4054-8b9b-a1ff51e53f6b",
                  "parentUUID": "df3c247e-aba1-414c-800d-24b20cfba2b3",
                  "isHook": false,
                  "skipped": false
                },
                {
                  "title": "should match on sm with 2 25 75 column layout",
                  "fullTitle": "Toyota - DEV - Firefox - test already taken snapshot should match on sm with 2 25 75 column layout",
                  "timedOut": null,
                  "duration": 23,
                  "state": "failed",
                  "speed": null,
                  "pass": false,
                  "fail": true,
                  "pending": false,
                  "context": "{\n  \"title\": \"cypress-mochawesome-reporter-videos-failed\",\n  \"value\": \"cypress\\\\integration\\\\cmp\\\\test-component.ts\"\n}",
                  "code": "cy.takeSnapshot({\n    viewport: viewport,\n    element: `#column-${columnLayout}`,\n});",
                  "err": {
                    "message": "TypeError: cy.getElement(...).matchImageSnapshot is not a function",
                    "estack": "TypeError: cy.getElement(...).matchImageSnapshot is not a function\nat ./cypress/support/commands/takeSnapshot.ts/ (webpack://cypress-example-e2e-snapshots/./cypress/support/commands/takeSnapshot.ts:16:0)\nat getRet (https://basic-site-theta.vercel.app/__cypress/runner/cypress_runner.js:118808:20)\nat tryCatcher (https://basic-site-theta.vercel.app/__cypress/runner/cypress_runner.js:1807:23)\nat __webpack_modules__</module.exports/Promise.try (https://basic-site-theta.vercel.app/__cypress/runner/cypress_runner.js:4315:29)\nat thenFn (https://basic-site-theta.vercel.app/__cypress/runner/cypress_runner.js:118819:60)\nat then (https://basic-site-theta.vercel.app/__cypress/runner/cypress_runner.js:119070:21)\nat wrapped (https://basic-site-theta.vercel.app/__cypress/runner/cypress_runner.js:138021:19)\nat __webpack_modules__</runCommand (https://basic-site-theta.vercel.app/__cypress/runner/cypress_runner.js:143935:15)\nat tryCatcher (https://basic-site-theta.vercel.app/__cypress/runner/cypress_runner.js:1807:23)\nat __webpack_modules__</module.exports/Promise.prototype._settlePromiseFromHandler (https://basic-site-theta.vercel.app/__cypress/runner/cypress_runner.js:1519:31)\nat __webpack_modules__</module.exports/Promise.prototype._settlePromise (https://basic-site-theta.vercel.app/__cypress/runner/cypress_runner.js:1576:18)\nat __webpack_modules__</module.exports/Promise.prototype._settlePromiseCtx (https://basic-site-theta.vercel.app/__cypress/runner/cypress_runner.js:1613:10)\nat _drainQueueStep (https://basic-site-theta.vercel.app/__cypress/runner/cypress_runner.js:2411:12)\nat _drainQueue (https://basic-site-theta.vercel.app/__cypress/runner/cypress_runner.js:2400:24)\nat __webpack_modules__</Async.prototype._drainQueues (https://basic-site-theta.vercel.app/__cypress/runner/cypress_runner.js:2416:16)\nat __webpack_modules__</Async/this.drainQueues (https://basic-site-theta.vercel.app/__cypress/runner/cypress_runner.js:2286:14)",
                    "diff": null
                  },
                  "uuid": "6efffd6b-c149-41d1-8bd9-7e03ed06ad84",
                  "parentUUID": "df3c247e-aba1-414c-800d-24b20cfba2b3",
                  "isHook": false,
                  "skipped": false
                },
                {
                  "title": "should match on md with 2 25 75 column layout",
                  "fullTitle": "Toyota - DEV - Firefox - test already taken snapshot should match on md with 2 25 75 column layout",
                  "timedOut": null,
                  "duration": 24,
                  "state": "failed",
                  "speed": null,
                  "pass": false,
                  "fail": true,
                  "pending": false,
                  "context": "{\n  \"title\": \"cypress-mochawesome-reporter-videos-failed\",\n  \"value\": \"cypress\\\\integration\\\\cmp\\\\test-component.ts\"\n}",
                  "code": "cy.takeSnapshot({\n    viewport: viewport,\n    element: `#column-${columnLayout}`,\n});",
                  "err": {
                    "message": "TypeError: cy.getElement(...).matchImageSnapshot is not a function",
                    "estack": "TypeError: cy.getElement(...).matchImageSnapshot is not a function\nat ./cypress/support/commands/takeSnapshot.ts/ (webpack://cypress-example-e2e-snapshots/./cypress/support/commands/takeSnapshot.ts:16:0)\nat getRet (https://basic-site-theta.vercel.app/__cypress/runner/cypress_runner.js:118808:20)\nat tryCatcher (https://basic-site-theta.vercel.app/__cypress/runner/cypress_runner.js:1807:23)\nat __webpack_modules__</module.exports/Promise.try (https://basic-site-theta.vercel.app/__cypress/runner/cypress_runner.js:4315:29)\nat thenFn (https://basic-site-theta.vercel.app/__cypress/runner/cypress_runner.js:118819:60)\nat then (https://basic-site-theta.vercel.app/__cypress/runner/cypress_runner.js:119070:21)\nat wrapped (https://basic-site-theta.vercel.app/__cypress/runner/cypress_runner.js:138021:19)\nat __webpack_modules__</runCommand (https://basic-site-theta.vercel.app/__cypress/runner/cypress_runner.js:143935:15)\nat tryCatcher (https://basic-site-theta.vercel.app/__cypress/runner/cypress_runner.js:1807:23)\nat __webpack_modules__</module.exports/Promise.prototype._settlePromiseFromHandler (https://basic-site-theta.vercel.app/__cypress/runner/cypress_runner.js:1519:31)\nat __webpack_modules__</module.exports/Promise.prototype._settlePromise (https://basic-site-theta.vercel.app/__cypress/runner/cypress_runner.js:1576:18)\nat __webpack_modules__</module.exports/Promise.prototype._settlePromiseCtx (https://basic-site-theta.vercel.app/__cypress/runner/cypress_runner.js:1613:10)\nat _drainQueueStep (https://basic-site-theta.vercel.app/__cypress/runner/cypress_runner.js:2411:12)\nat _drainQueue (https://basic-site-theta.vercel.app/__cypress/runner/cypress_runner.js:2400:24)\nat __webpack_modules__</Async.prototype._drainQueues (https://basic-site-theta.vercel.app/__cypress/runner/cypress_runner.js:2416:16)\nat __webpack_modules__</Async/this.drainQueues (https://basic-site-theta.vercel.app/__cypress/runner/cypress_runner.js:2286:14)",
                    "diff": null
                  },
                  "uuid": "33975a30-595c-40ee-b63d-9a1696e464be",
                  "parentUUID": "df3c247e-aba1-414c-800d-24b20cfba2b3",
                  "isHook": false,
                  "skipped": false
                },
                {
                  "title": "should match on lg with 2 25 75 column layout",
                  "fullTitle": "Toyota - DEV - Firefox - test already taken snapshot should match on lg with 2 25 75 column layout",
                  "timedOut": null,
                  "duration": 42,
                  "state": "failed",
                  "speed": null,
                  "pass": false,
                  "fail": true,
                  "pending": false,
                  "context": "{\n  \"title\": \"cypress-mochawesome-reporter-videos-failed\",\n  \"value\": \"cypress\\\\integration\\\\cmp\\\\test-component.ts\"\n}",
                  "code": "cy.takeSnapshot({\n    viewport: viewport,\n    element: `#column-${columnLayout}`,\n});",
                  "err": {
                    "message": "TypeError: cy.getElement(...).matchImageSnapshot is not a function",
                    "estack": "TypeError: cy.getElement(...).matchImageSnapshot is not a function\nat ./cypress/support/commands/takeSnapshot.ts/ (webpack://cypress-example-e2e-snapshots/./cypress/support/commands/takeSnapshot.ts:16:0)\nat getRet (https://basic-site-theta.vercel.app/__cypress/runner/cypress_runner.js:118808:20)\nat tryCatcher (https://basic-site-theta.vercel.app/__cypress/runner/cypress_runner.js:1807:23)\nat __webpack_modules__</module.exports/Promise.try (https://basic-site-theta.vercel.app/__cypress/runner/cypress_runner.js:4315:29)\nat thenFn (https://basic-site-theta.vercel.app/__cypress/runner/cypress_runner.js:118819:60)\nat then (https://basic-site-theta.vercel.app/__cypress/runner/cypress_runner.js:119070:21)\nat wrapped (https://basic-site-theta.vercel.app/__cypress/runner/cypress_runner.js:138021:19)\nat __webpack_modules__</runCommand (https://basic-site-theta.vercel.app/__cypress/runner/cypress_runner.js:143935:15)\nat tryCatcher (https://basic-site-theta.vercel.app/__cypress/runner/cypress_runner.js:1807:23)\nat __webpack_modules__</module.exports/Promise.prototype._settlePromiseFromHandler (https://basic-site-theta.vercel.app/__cypress/runner/cypress_runner.js:1519:31)\nat __webpack_modules__</module.exports/Promise.prototype._settlePromise (https://basic-site-theta.vercel.app/__cypress/runner/cypress_runner.js:1576:18)\nat __webpack_modules__</module.exports/Promise.prototype._settlePromiseCtx (https://basic-site-theta.vercel.app/__cypress/runner/cypress_runner.js:1613:10)\nat _drainQueueStep (https://basic-site-theta.vercel.app/__cypress/runner/cypress_runner.js:2411:12)\nat _drainQueue (https://basic-site-theta.vercel.app/__cypress/runner/cypress_runner.js:2400:24)\nat __webpack_modules__</Async.prototype._drainQueues (https://basic-site-theta.vercel.app/__cypress/runner/cypress_runner.js:2416:16)\nat __webpack_modules__</Async/this.drainQueues (https://basic-site-theta.vercel.app/__cypress/runner/cypress_runner.js:2286:14)",
                    "diff": null
                  },
                  "uuid": "42d1e6cd-94a8-438b-8086-451a79eb8726",
                  "parentUUID": "df3c247e-aba1-414c-800d-24b20cfba2b3",
                  "isHook": false,
                  "skipped": false
                },
                {
                  "title": "should match on xl with 2 25 75 column layout",
                  "fullTitle": "Toyota - DEV - Firefox - test already taken snapshot should match on xl with 2 25 75 column layout",
                  "timedOut": null,
                  "duration": 22,
                  "state": "failed",
                  "speed": null,
                  "pass": false,
                  "fail": true,
                  "pending": false,
                  "context": "{\n  \"title\": \"cypress-mochawesome-reporter-videos-failed\",\n  \"value\": \"cypress\\\\integration\\\\cmp\\\\test-component.ts\"\n}",
                  "code": "cy.takeSnapshot({\n    viewport: viewport,\n    element: `#column-${columnLayout}`,\n});",
                  "err": {
                    "message": "TypeError: cy.getElement(...).matchImageSnapshot is not a function",
                    "estack": "TypeError: cy.getElement(...).matchImageSnapshot is not a function\nat ./cypress/support/commands/takeSnapshot.ts/ (webpack://cypress-example-e2e-snapshots/./cypress/support/commands/takeSnapshot.ts:16:0)\nat getRet (https://basic-site-theta.vercel.app/__cypress/runner/cypress_runner.js:118808:20)\nat tryCatcher (https://basic-site-theta.vercel.app/__cypress/runner/cypress_runner.js:1807:23)\nat __webpack_modules__</module.exports/Promise.try (https://basic-site-theta.vercel.app/__cypress/runner/cypress_runner.js:4315:29)\nat thenFn (https://basic-site-theta.vercel.app/__cypress/runner/cypress_runner.js:118819:60)\nat then (https://basic-site-theta.vercel.app/__cypress/runner/cypress_runner.js:119070:21)\nat wrapped (https://basic-site-theta.vercel.app/__cypress/runner/cypress_runner.js:138021:19)\nat __webpack_modules__</runCommand (https://basic-site-theta.vercel.app/__cypress/runner/cypress_runner.js:143935:15)\nat tryCatcher (https://basic-site-theta.vercel.app/__cypress/runner/cypress_runner.js:1807:23)\nat __webpack_modules__</module.exports/Promise.prototype._settlePromiseFromHandler (https://basic-site-theta.vercel.app/__cypress/runner/cypress_runner.js:1519:31)\nat __webpack_modules__</module.exports/Promise.prototype._settlePromise (https://basic-site-theta.vercel.app/__cypress/runner/cypress_runner.js:1576:18)\nat __webpack_modules__</module.exports/Promise.prototype._settlePromiseCtx (https://basic-site-theta.vercel.app/__cypress/runner/cypress_runner.js:1613:10)\nat _drainQueueStep (https://basic-site-theta.vercel.app/__cypress/runner/cypress_runner.js:2411:12)\nat _drainQueue (https://basic-site-theta.vercel.app/__cypress/runner/cypress_runner.js:2400:24)\nat __webpack_modules__</Async.prototype._drainQueues (https://basic-site-theta.vercel.app/__cypress/runner/cypress_runner.js:2416:16)\nat __webpack_modules__</Async/this.drainQueues (https://basic-site-theta.vercel.app/__cypress/runner/cypress_runner.js:2286:14)",
                    "diff": null
                  },
                  "uuid": "7ed132bf-83ca-4eaf-9e9d-cd74bf9d517a",
                  "parentUUID": "df3c247e-aba1-414c-800d-24b20cfba2b3",
                  "isHook": false,
                  "skipped": false
                },
                {
                  "title": "should match on xxl with 2 25 75 column layout",
                  "fullTitle": "Toyota - DEV - Firefox - test already taken snapshot should match on xxl with 2 25 75 column layout",
                  "timedOut": null,
                  "duration": 54,
                  "state": "failed",
                  "speed": null,
                  "pass": false,
                  "fail": true,
                  "pending": false,
                  "context": "{\n  \"title\": \"cypress-mochawesome-reporter-videos-failed\",\n  \"value\": \"cypress\\\\integration\\\\cmp\\\\test-component.ts\"\n}",
                  "code": "cy.takeSnapshot({\n    viewport: viewport,\n    element: `#column-${columnLayout}`,\n});",
                  "err": {
                    "message": "TypeError: cy.getElement(...).matchImageSnapshot is not a function",
                    "estack": "TypeError: cy.getElement(...).matchImageSnapshot is not a function\nat ./cypress/support/commands/takeSnapshot.ts/ (webpack://cypress-example-e2e-snapshots/./cypress/support/commands/takeSnapshot.ts:16:0)\nat getRet (https://basic-site-theta.vercel.app/__cypress/runner/cypress_runner.js:118808:20)\nat tryCatcher (https://basic-site-theta.vercel.app/__cypress/runner/cypress_runner.js:1807:23)\nat __webpack_modules__</module.exports/Promise.try (https://basic-site-theta.vercel.app/__cypress/runner/cypress_runner.js:4315:29)\nat thenFn (https://basic-site-theta.vercel.app/__cypress/runner/cypress_runner.js:118819:60)\nat then (https://basic-site-theta.vercel.app/__cypress/runner/cypress_runner.js:119070:21)\nat wrapped (https://basic-site-theta.vercel.app/__cypress/runner/cypress_runner.js:138021:19)\nat __webpack_modules__</runCommand (https://basic-site-theta.vercel.app/__cypress/runner/cypress_runner.js:143935:15)\nat tryCatcher (https://basic-site-theta.vercel.app/__cypress/runner/cypress_runner.js:1807:23)\nat __webpack_modules__</module.exports/Promise.prototype._settlePromiseFromHandler (https://basic-site-theta.vercel.app/__cypress/runner/cypress_runner.js:1519:31)\nat __webpack_modules__</module.exports/Promise.prototype._settlePromise (https://basic-site-theta.vercel.app/__cypress/runner/cypress_runner.js:1576:18)\nat __webpack_modules__</module.exports/Promise.prototype._settlePromiseCtx (https://basic-site-theta.vercel.app/__cypress/runner/cypress_runner.js:1613:10)\nat _drainQueueStep (https://basic-site-theta.vercel.app/__cypress/runner/cypress_runner.js:2411:12)\nat _drainQueue (https://basic-site-theta.vercel.app/__cypress/runner/cypress_runner.js:2400:24)\nat __webpack_modules__</Async.prototype._drainQueues (https://basic-site-theta.vercel.app/__cypress/runner/cypress_runner.js:2416:16)\nat __webpack_modules__</Async/this.drainQueues (https://basic-site-theta.vercel.app/__cypress/runner/cypress_runner.js:2286:14)",
                    "diff": null
                  },
                  "uuid": "2498e9b6-7489-4554-b380-fb1a07fe548e",
                  "parentUUID": "df3c247e-aba1-414c-800d-24b20cfba2b3",
                  "isHook": false,
                  "skipped": false
                },
                {
                  "title": "should match on xxxl with 2 25 75 column layout",
                  "fullTitle": "Toyota - DEV - Firefox - test already taken snapshot should match on xxxl with 2 25 75 column layout",
                  "timedOut": null,
                  "duration": 26,
                  "state": "failed",
                  "speed": null,
                  "pass": false,
                  "fail": true,
                  "pending": false,
                  "context": "{\n  \"title\": \"cypress-mochawesome-reporter-videos-failed\",\n  \"value\": \"cypress\\\\integration\\\\cmp\\\\test-component.ts\"\n}",
                  "code": "cy.takeSnapshot({\n    viewport: viewport,\n    element: `#column-${columnLayout}`,\n});",
                  "err": {
                    "message": "TypeError: cy.getElement(...).matchImageSnapshot is not a function",
                    "estack": "TypeError: cy.getElement(...).matchImageSnapshot is not a function\nat ./cypress/support/commands/takeSnapshot.ts/ (webpack://cypress-example-e2e-snapshots/./cypress/support/commands/takeSnapshot.ts:16:0)\nat getRet (https://basic-site-theta.vercel.app/__cypress/runner/cypress_runner.js:118808:20)\nat tryCatcher (https://basic-site-theta.vercel.app/__cypress/runner/cypress_runner.js:1807:23)\nat __webpack_modules__</module.exports/Promise.try (https://basic-site-theta.vercel.app/__cypress/runner/cypress_runner.js:4315:29)\nat thenFn (https://basic-site-theta.vercel.app/__cypress/runner/cypress_runner.js:118819:60)\nat then (https://basic-site-theta.vercel.app/__cypress/runner/cypress_runner.js:119070:21)\nat wrapped (https://basic-site-theta.vercel.app/__cypress/runner/cypress_runner.js:138021:19)\nat __webpack_modules__</runCommand (https://basic-site-theta.vercel.app/__cypress/runner/cypress_runner.js:143935:15)\nat tryCatcher (https://basic-site-theta.vercel.app/__cypress/runner/cypress_runner.js:1807:23)\nat __webpack_modules__</module.exports/Promise.prototype._settlePromiseFromHandler (https://basic-site-theta.vercel.app/__cypress/runner/cypress_runner.js:1519:31)\nat __webpack_modules__</module.exports/Promise.prototype._settlePromise (https://basic-site-theta.vercel.app/__cypress/runner/cypress_runner.js:1576:18)\nat __webpack_modules__</module.exports/Promise.prototype._settlePromiseCtx (https://basic-site-theta.vercel.app/__cypress/runner/cypress_runner.js:1613:10)\nat _drainQueueStep (https://basic-site-theta.vercel.app/__cypress/runner/cypress_runner.js:2411:12)\nat _drainQueue (https://basic-site-theta.vercel.app/__cypress/runner/cypress_runner.js:2400:24)\nat __webpack_modules__</Async.prototype._drainQueues (https://basic-site-theta.vercel.app/__cypress/runner/cypress_runner.js:2416:16)\nat __webpack_modules__</Async/this.drainQueues (https://basic-site-theta.vercel.app/__cypress/runner/cypress_runner.js:2286:14)",
                    "diff": null
                  },
                  "uuid": "d5185ca0-de9a-46d3-a48c-52c4e798e0e5",
                  "parentUUID": "df3c247e-aba1-414c-800d-24b20cfba2b3",
                  "isHook": false,
                  "skipped": false
                }
              ],
              "suites": [],
              "passes": [],
              "failures": [
                "2546b642-4cec-4054-8b9b-a1ff51e53f6b",
                "6efffd6b-c149-41d1-8bd9-7e03ed06ad84",
                "33975a30-595c-40ee-b63d-9a1696e464be",
                "42d1e6cd-94a8-438b-8086-451a79eb8726",
                "7ed132bf-83ca-4eaf-9e9d-cd74bf9d517a",
                "2498e9b6-7489-4554-b380-fb1a07fe548e",
                "d5185ca0-de9a-46d3-a48c-52c4e798e0e5"
              ],
              "pending": [],
              "skipped": [],
              "duration": 708,
              "root": false,
              "rootEmpty": false,
              "_timeout": 2000
            }
          ],
          "passes": [],
          "failures": [],
          "pending": [],
          "skipped": [],
          "duration": 0,
          "root": false,
          "rootEmpty": false,
          "_timeout": 2000
        }
      ],
      "passes": [],
      "failures": [],
      "pending": [],
      "skipped": [],
      "duration": 0,
      "root": true,
      "rootEmpty": true,
      "_timeout": 2000
    }
  ],
  "meta": {
    "mocha": {
      "version": "7.0.1"
    },
    "mochawesome": {
      "options": {
        "quiet": false,
        "reportFilename": "mochawesome",
        "saveHtml": false,
        "saveJson": true,
        "consoleReporter": "spec",
        "useInlineDiffs": false,
        "code": true
      },
      "version": "7.1.3"
    },
    "marge": {
      "options": {
        "id": "default",
        "useInlineDiffs": true,
        "embeddedScreenshots": true,
        "reportDir": "cypress/reports/mocha",
        "quite": true,
        "overwrite": false,
        "html": false,
        "json": true
      },
      "version": "6.2.0"
    }
  }
}